This is LuaHBTeX, Version 1.22.0 (TeX Live 2025)  (format=lualatex 2026.2.17)  5 MAR 2026 14:45
 restricted system commands enabled.
**cv_thomas.tex
(./cv_thomas.tex
LaTeX2e <2025-11-01>
L3 programming layer <2026-01-19>
Lua module: luaotfload 2024-12-03 v3.29 Lua based OpenType font support
Lua module: lualibs 2023-07-13 v2.76 ConTeXt Lua standard libraries.
Lua module: lualibs-extended 2023-07-13 v2.76 ConTeXt Lua libraries -- extended collection.
luaotfload | conf : Root cache directory is "/Users/Thomas/Library/TinyTeX/texmf-var/luatex-cache/generic/names".
luaotfload | init : Loading fontloader "fontloader-2023-12-28.lua" from kpse-resolved path "/Users/Thomas/Library/TinyTeX/texmf-dist/tex/luatex/luaotfload/fontloader-2023-12-28.lua".
Lua-only attribute luaotfload@noligature = 1
luaotfload | init : Context OpenType loader version 3.134
Inserting `luaotfload.node_processor' in `pre_linebreak_filter'.
Inserting `luaotfload.node_processor' in `hpack_filter'.
Inserting `luaotfload.glyph_stream' in `glyph_stream_provider'.
Inserting `luaotfload.define_font' in `define_font'.
Lua-only attribute luaotfload_color_attribute = 2
luaotfload | conf : Root cache directory is "/Users/Thomas/Library/TinyTeX/texmf-var/luatex-cache/generic/names".
Inserting `luaotfload.harf.strip_prefix' in `find_opentype_file'.
Inserting `luaotfload.harf.strip_prefix' in `find_truetype_file'.
Removing  `luaotfload.glyph_stream' from `glyph_stream_provider'.
Inserting `luaotfload.harf.glyphstream' in `glyph_stream_provider'.
Inserting `luaotfload.harf.finalize_vlist' in `post_linebreak_filter'.
Inserting `luaotfload.harf.finalize_hlist' in `hpack_filter'.
Inserting `luaotfload.cleanup_files' in `wrapup_run'.
Inserting `luaotfload.harf.finalize_unicode' in `finish_pdffile'.
Inserting `luaotfload.glyphinfo' in `glyph_info'.
Lua-only attribute luaotfload.letterspace_done = 3
Inserting `luaotfload.aux.set_sscale_dimens' in `luaotfload.patch_font'.
Inserting `luaotfload.aux.set_font_index' in `luaotfload.patch_font'.
Inserting `luaotfload.aux.patch_cambria_domh' in `luaotfload.patch_font'.
Inserting `luaotfload.aux.fixup_fontdata' in `luaotfload.patch_font_unsafe'.
Inserting `luaotfload.aux.set_capheight' in `luaotfload.patch_font'.
Inserting `luaotfload.aux.set_xheight' in `luaotfload.patch_font'.
Inserting `luaotfload.rewrite_fontname' in `luaotfload.patch_font'.
Inserting `tracingstacklevels' in `input_level_string'. (/Users/Thomas/Library/TinyTeX/texmf-dist/tex/latex/base/article.cls
Document Class: article 2025/01/22 v1.4n Standard LaTeX document class
(/Users/Thomas/Library/TinyTeX/texmf-dist/tex/latex/base/size12.clo
File: size12.clo 2025/01/22 v1.4n Standard LaTeX file (size option)
luaotfload | db : Font names database loaded from /Users/Thomas/Library/TinyTeX/texmf-var/luatex-cache/generic/names/luaotfload-names.luc.gz)
\c@part=\count273
\c@section=\count274
\c@subsection=\count275
\c@subsubsection=\count276
\c@paragraph=\count277
\c@subparagraph=\count278
\c@figure=\count279
\c@table=\count280
\abovecaptionskip=\skip49
\belowcaptionskip=\skip50
\bibindent=\dimen147
) (/Users/Thomas/Library/TinyTeX/texmf-dist/tex/latex/lm/lmodern.sty
Package: lmodern 2015/05/01 v1.6.1 Latin Modern Fonts
LaTeX Font Info:    Overwriting symbol font `operators' in version `normal'
(Font)                  OT1/cmr/m/n --> OT1/lmr/m/n on input line 22.
LaTeX Font Info:    Overwriting symbol font `letters' in version `normal'
(Font)                  OML/cmm/m/it --> OML/lmm/m/it on input line 23.
LaTeX Font Info:    Overwriting symbol font `symbols' in version `normal'
(Font)                  OMS/cmsy/m/n --> OMS/lmsy/m/n on input line 24.
LaTeX Font Info:    Overwriting symbol font `largesymbols' in version `normal'
(Font)                  OMX/cmex/m/n --> OMX/lmex/m/n on input line 25.
LaTeX Font Info:    Overwriting symbol font `operators' in version `bold'
(Font)                  OT1/cmr/bx/n --> OT1/lmr/bx/n on input line 26.
LaTeX Font Info:    Overwriting symbol font `letters' in version `bold'
(Font)                  OML/cmm/b/it --> OML/lmm/b/it on input line 27.
LaTeX Font Info:    Overwriting symbol font `symbols' in version `bold'
(Font)                  OMS/cmsy/b/n --> OMS/lmsy/b/n on input line 28.
LaTeX Font Info:    Overwriting symbol font `largesymbols' in version `bold'
(Font)                  OMX/cmex/m/n --> OMX/lmex/m/n on input line 29.
LaTeX Font Info:    Overwriting math alphabet `\mathbf' in version `normal'
(Font)                  OT1/cmr/bx/n --> OT1/lmr/bx/n on input line 31.
LaTeX Font Info:    Overwriting math alphabet `\mathsf' in version `normal'
(Font)                  OT1/cmss/m/n --> OT1/lmss/m/n on input line 32.
LaTeX Font Info:    Overwriting math alphabet `\mathit' in version `normal'
(Font)                  OT1/cmr/m/it --> OT1/lmr/m/it on input line 33.
LaTeX Font Info:    Overwriting math alphabet `\mathtt' in version `normal'
(Font)                  OT1/cmtt/m/n --> OT1/lmtt/m/n on input line 34.
LaTeX Font Info:    Overwriting math alphabet `\mathbf' in version `bold'
(Font)                  OT1/cmr/bx/n --> OT1/lmr/bx/n on input line 35.
LaTeX Font Info:    Overwriting math alphabet `\mathsf' in version `bold'
(Font)                  OT1/cmss/bx/n --> OT1/lmss/bx/n on input line 36.
LaTeX Font Info:    Overwriting math alphabet `\mathit' in version `bold'
(Font)                  OT1/cmr/bx/it --> OT1/lmr/bx/it on input line 37.
LaTeX Font Info:    Overwriting math alphabet `\mathtt' in version `bold'
(Font)                  OT1/cmtt/m/n --> OT1/lmtt/m/n on input line 38.
) (/Users/Thomas/Library/TinyTeX/texmf-dist/tex/latex/amsfonts/amssymb.sty
Package: amssymb 2013/01/14 v3.01 AMS font symbols
(/Users/Thomas/Library/TinyTeX/texmf-dist/tex/latex/amsfonts/amsfonts.sty
Package: amsfonts 2013/01/14 v3.01 Basic AMSFonts support
\@emptytoks=\toks17
\symAMSa=\mathgroup4
\symAMSb=\mathgroup5
LaTeX Font Info:    Redeclaring math symbol \hbar on input line 98.
LaTeX Font Info:    Overwriting math alphabet `\mathfrak' in version `bold'
(Font)                  U/euf/m/n --> U/euf/b/n on input line 106.
)) (/Users/Thomas/Library/TinyTeX/texmf-dist/tex/latex/amsmath/amsmath.sty
Package: amsmath 2025/07/09 v2.17z AMS math features
\@mathmargin=\skip51
For additional information on amsmath, use the `?' option.
(/Users/Thomas/Library/TinyTeX/texmf-dist/tex/latex/amsmath/amstext.sty
Package: amstext 2024/11/17 v2.01 AMS text
(/Users/Thomas/Library/TinyTeX/texmf-dist/tex/latex/amsmath/amsgen.sty
File: amsgen.sty 1999/11/30 v2.0 generic functions
\@emptytoks=\toks18
\ex@=\dimen148
)) (/Users/Thomas/Library/TinyTeX/texmf-dist/tex/latex/amsmath/amsbsy.sty
Package: amsbsy 1999/11/29 v1.2d Bold Symbols
\pmbraise@=\dimen149
) (/Users/Thomas/Library/TinyTeX/texmf-dist/tex/latex/amsmath/amsopn.sty
Package: amsopn 2022/04/08 v2.04 operator names
)
\inf@bad=\count281
LaTeX Info: Redefining \frac on input line 235.
\uproot@=\count282
\leftroot@=\count283
LaTeX Info: Redefining \overline on input line 398.
LaTeX Info: Redefining \colon on input line 409.
\classnum@=\count284
\DOTSCASE@=\count285
LaTeX Info: Redefining \ldots on input line 495.
LaTeX Info: Redefining \dots on input line 498.
LaTeX Info: Redefining \cdots on input line 619.
\Mathstrutbox@=\box53
\strutbox@=\box54
LaTeX Info: Redefining \big on input line 721.
LaTeX Info: Redefining \Big on input line 722.
LaTeX Info: Redefining \bigg on input line 723.
LaTeX Info: Redefining \Bigg on input line 724.
\big@size=\dimen150
LaTeX Font Info:    Redeclaring font encoding OML on input line 742.
LaTeX Font Info:    Redeclaring font encoding OMS on input line 743.
\macc@depth=\count286
LaTeX Info: Redefining \bmod on input line 904.
LaTeX Info: Redefining \pmod on input line 909.
LaTeX Info: Redefining \smash on input line 939.
LaTeX Info: Redefining \relbar on input line 969.
LaTeX Info: Redefining \Relbar on input line 970.
\c@MaxMatrixCols=\count287
\dotsspace@=\muskip17
\c@parentequation=\count288
\dspbrk@lvl=\count289
\tag@help=\toks19
\row@=\count290
\column@=\count291
\maxfields@=\count292
\andhelp@=\toks20
\eqnshift@=\dimen151
\alignsep@=\dimen152
\tagshift@=\dimen153
\tagwidth@=\dimen154
\totwidth@=\dimen155
\lineht@=\dimen156
\@envbody=\toks21
\multlinegap=\skip52
\multlinetaggap=\skip53
\mathdisplay@stack=\toks22
LaTeX Info: Redefining \[ on input line 2950.
LaTeX Info: Redefining \] on input line 2951.
) (/Users/Thomas/Library/TinyTeX/texmf-dist/tex/latex/stackengine/stackengine.sty
Package: stackengine 2021/07/22 v4.11\ Stacking text and objects in convenient ways
(/Users/Thomas/Library/TinyTeX/texmf-dist/tex/latex/etoolbox/etoolbox.sty
Package: etoolbox 2025/10/02 v2.5m e-TeX tools for LaTeX (JAW)
\etb@tempcnta=\count293
) (/Users/Thomas/Library/TinyTeX/texmf-dist/tex/generic/listofitems/listofitems.sty (/Users/Thomas/Library/TinyTeX/texmf-dist/tex/generic/listofitems/listofitems.tex
\loi_cnt_foreach_nest=\count294
\loi_nestcnt=\count295
)
Package: listofitems 2024/03/09 v1.65 Grab items in lists using user-specified sep char (CT)
) (/Users/Thomas/Library/TinyTeX/texmf-dist/tex/latex/tools/calc.sty
Package: calc 2025/03/01 v4.3b Infix arithmetic (KKT,FJ)
\calc@Acount=\count296
\calc@Bcount=\count297
\calc@Adimen=\dimen157
\calc@Bdimen=\dimen158
\calc@Askip=\skip54
\calc@Bskip=\skip55
LaTeX Info: Redefining \setlength on input line 86.
LaTeX Info: Redefining \addtolength on input line 87.
\calc@Ccount=\count298
\calc@Cskip=\skip56
)
\c@@stackindex=\count299
\@boxshift=\skip57
\stack@tmplength=\skip58
\temp@stkl=\skip59
\@stackedboxwidth=\skip60
\@addedbox=\box55
\@anchorbox=\box56
\@insetbox=\box57
\se@backgroundbox=\box58
\stackedbox=\box59
\@centerbox=\box60
\c@ROWcellindex@=\count300
) (/Users/Thomas/Library/TinyTeX/texmf-dist/tex/latex/scalerel/scalerel.sty
Package: scalerel 2016/12/29 v1.8 Routines for constrained scaling and stretching of objects, relative to a reference object or in absolute terms
(/Users/Thomas/Library/TinyTeX/texmf-dist/tex/latex/graphics/graphicx.sty
Package: graphicx 2024/12/31 v1.2e Enhanced LaTeX Graphics (DPC,SPQR)
(/Users/Thomas/Library/TinyTeX/texmf-dist/tex/latex/graphics/keyval.sty
Package: keyval 2022/05/29 v1.15 key=value parser (DPC)
\KV@toks@=\toks23
) (/Users/Thomas/Library/TinyTeX/texmf-dist/tex/latex/graphics/graphics.sty
Package: graphics 2024/08/06 v1.4g Standard LaTeX Graphics (DPC,SPQR)
(/Users/Thomas/Library/TinyTeX/texmf-dist/tex/latex/graphics/trig.sty
Package: trig 2023/12/02 v1.11 sin cos tan (DPC)
) (/Users/Thomas/Library/TinyTeX/texmf-dist/tex/latex/graphics-cfg/graphics.cfg
File: graphics.cfg 2016/06/04 v1.11 sample graphics configuration
)
Package graphics Info: Driver file: luatex.def on input line 106.
(/Users/Thomas/Library/TinyTeX/texmf-dist/tex/latex/graphics-def/luatex.def
File: luatex.def 2025/09/29 v1.2f Graphics/color driver for luatex
))
\Gin@req@height=\dimen159
\Gin@req@width=\dimen160
)
\thesrwidth=\skip61
\thesrheight=\skip62
\srblobheight=\skip63
\srblobdepth=\skip64
\mnxsrwidth=\skip65
\LMex=\skip66
\LMpt=\skip67
) (/Users/Thomas/Library/TinyTeX/texmf-dist/tex/latex/xcolor/xcolor.sty
Package: xcolor 2024/09/29 v3.02 LaTeX color extensions (UK)
(/Users/Thomas/Library/TinyTeX/texmf-dist/tex/latex/graphics-cfg/color.cfg
File: color.cfg 2016/01/02 v1.6 sample color configuration
)
Package xcolor Info: Driver file: luatex.def on input line 274.
(/Users/Thomas/Library/TinyTeX/texmf-dist/tex/latex/graphics/mathcolor.ltx)
Package xcolor Info: Model `cmy' substituted by `cmy0' on input line 1349.
Package xcolor Info: Model `hsb' substituted by `rgb' on input line 1353.
Package xcolor Info: Model `RGB' extended on input line 1365.
Package xcolor Info: Model `HTML' substituted by `rgb' on input line 1367.
Package xcolor Info: Model `Hsb' substituted by `hsb' on input line 1368.
Package xcolor Info: Model `tHsb' substituted by `hsb' on input line 1369.
Package xcolor Info: Model `HSB' substituted by `hsb' on input line 1370.
Package xcolor Info: Model `Gray' substituted by `gray' on input line 1371.
Package xcolor Info: Model `wave' substituted by `hsb' on input line 1372.
) (/Users/Thomas/Library/TinyTeX/texmf-dist/tex/generic/iftex/ifxetex.sty
Package: ifxetex 2019/10/25 v0.7 ifxetex legacy package. Use iftex instead.
(/Users/Thomas/Library/TinyTeX/texmf-dist/tex/generic/iftex/iftex.sty
Package: iftex 2024/12/12 v1.0g TeX engine tests
)) (/Users/Thomas/Library/TinyTeX/texmf-dist/tex/generic/iftex/ifluatex.sty
Package: ifluatex 2019/10/25 v1.5 ifluatex legacy package. Use iftex instead.
) (/Users/Thomas/Library/TinyTeX/texmf-dist/tex/latex/base/fixltx2e.sty
Package: fixltx2e 2016/12/29 v2.1a fixes to LaTeX (obsolete)
Applying: [2015/01/01] Old fixltx2e package on input line 46.

Package fixltx2e Warning: fixltx2e is not required with releases after 2015
(fixltx2e)                All fixes are now in the LaTeX kernel.
(fixltx2e)                See the latexrelease package for details.

Already applied: [0000/00/00] Old fixltx2e package on input line 53.
) (/Users/Thomas/Library/TinyTeX/texmf-dist/tex/latex/fontspec/fontspec.sty (/Users/Thomas/Library/TinyTeX/texmf-dist/tex/latex/l3packages/xparse/xparse.sty (/Users/Thomas/Library/TinyTeX/texmf-dist/tex/latex/l3kernel/expl3.sty
Package: expl3 2026-01-19 L3 programming layer (loader) 
(/Users/Thomas/Library/TinyTeX/texmf-dist/tex/latex/l3backend/l3backend-luatex.def
File: l3backend-luatex.def 2025-10-09 L3 backend support: PDF output (LuaTeX)
\l__color_backend_stack_int=\count301
Inserting `l3color' in `luaotfload.parse_color'.))
Package: xparse 2025-10-09 L3 Experimental document command parser
)
Package: fontspec 2025/09/29 v2.9g Font selection for XeLaTeX and LuaLaTeX
Lua module: fontspec 2025/09/29 v2.9g Font selection for XeLaTeX and LuaLaTeX (/Users/Thomas/Library/TinyTeX/texmf-dist/tex/latex/fontspec/fontspec-luatex.sty
Package: fontspec-luatex 2025/09/29 v2.9g Font selection for XeLaTeX and LuaLaTeX
\l__fontspec_script_int=\count302
\l__fontspec_language_int=\count303
\l__fontspec_strnum_int=\count304
\l__fontspec_tmp_int=\count305
\l__fontspec_tmpa_int=\count306
\l__fontspec_tmpb_int=\count307
\l__fontspec_tmpc_int=\count308
\l__fontspec_em_int=\count309
\l__fontspec_emdef_int=\count310
\l__fontspec_strong_int=\count311
\l__fontspec_strongdef_int=\count312
\l__fontspec_tmpa_dim=\dimen161
\l__fontspec_tmpb_dim=\dimen162
\l__fontspec_tmpc_dim=\dimen163
(/Users/Thomas/Library/TinyTeX/texmf-dist/tex/latex/base/fontenc.sty
Package: fontenc 2025/07/18 v2.1d Standard LaTeX package
) (/Users/Thomas/Library/TinyTeX/texmf-dist/tex/latex/fontspec/fontspec.cfg)))
luaotfload | cache : Lookup cache loaded from /Users/Thomas/Library/TinyTeX/texmf-var/luatex-cache/generic/names/luaotfload-lookup-cache.luc.

Package fontspec Info: 
(fontspec)             Georgia scale = 0.8952182238362497.


Package fontspec Info: 
(fontspec)             Georgia scale = 0.8952182238362497.


Package fontspec Info: 
(fontspec)             Georgia/B scale = 0.889803611696668.


Package fontspec Info: 
(fontspec)             Georgia/I scale = 0.8748119146124603.


Package fontspec Info: 
(fontspec)             Georgia/BI scale = 0.8696406259220395.


Package fontspec Info: 
(fontspec)             Font family 'Georgia(0)' created for font 'Georgia'
(fontspec)             with options
(fontspec)             [Ligatures=TeX,Scale=MatchLowercase,Ligatures=TeX].
(fontspec)              
(fontspec)              This font family consists of the following NFSS
(fontspec)             series/shapes:
(fontspec)              
(fontspec)             - 'normal' (m/n) with NFSS spec.:
(fontspec)             <->s*[0.8952182238362497]"name:Georgia:mode=node;script=latn;language=dflt;+tlig;"
(fontspec)             - 'bold' (b/n) with NFSS spec.:
(fontspec)             <->s*[0.889803611696668]"name:Georgia/B:mode=node;script=latn;language=dflt;+tlig;"
(fontspec)             - 'italic' (m/it) with NFSS spec.:
(fontspec)             <->s*[0.8748119146124603]"name:Georgia/I:mode=node;script=latn;language=dflt;+tlig;"
(fontspec)             - 'bold italic' (b/it) with NFSS spec.:
(fontspec)             <->s*[0.8696406259220395]"name:Georgia/BI:mode=node;script=latn;language=dflt;+tlig;"

LaTeX Font Info:    Font shape `TU/Georgia(0)/m/n' will be
(Font)              scaled to size 10.74261pt on input line 20.

Package fontspec Info: 
(fontspec)             Georgia scale = 0.8952155827005614.

(/Users/Thomas/Library/TinyTeX/texmf-dist/tex/luatex/luatexja/luatexja.sty
Package: luatexja 2026-01-30 Japanese Typesetting with Lua(La)TeX
(/Users/Thomas/Library/TinyTeX/texmf-dist/tex/luatex/luatexja/luatexja-core.sty
Package: luatexja-core 2023-10-07 Core of LuaTeX-ja
(/Users/Thomas/Library/TinyTeX/texmf-dist/tex/generic/infwarerr/infwarerr.sty
Package: infwarerr 2019/12/03 v1.5 Providing info/warning/error messages (HO)
) (/Users/Thomas/Library/TinyTeX/texmf-dist/tex/luatex/luatexbase/luatexbase.sty
Package: luatexbase 2015/10/04 v1.3 luatexbase interface to LuaTeX 
(/Users/Thomas/Library/TinyTeX/texmf-dist/tex/luatex/ctablestack/ctablestack.sty
Package: ctablestack 2015/10/01 v1.0 Catcode table stable support
\@catcodetablestackcnt=\count313
)
\CatcodeTableOther=\catcodetable14
\CatcodeTableExpl=\catcodetable15
) (/Users/Thomas/Library/TinyTeX/texmf-dist/tex/generic/ltxcmds/ltxcmds.sty
Package: ltxcmds 2023-12-04 v1.26 LaTeX kernel commands for general use (HO)
) (/Users/Thomas/Library/TinyTeX/texmf-dist/tex/generic/pdftexcmds/pdftexcmds.sty
Package: pdftexcmds 2020-06-27 v0.33 Utility functions of pdfTeX for LuaTeX (HO)
Package pdftexcmds Info: \pdf@primitive is available.
Package pdftexcmds Info: \pdf@ifprimitive is available.
Package pdftexcmds Info: \pdfdraftmode found.
\pdftexcmds@toks=\toks24
) (/Users/Thomas/Library/TinyTeX/texmf-dist/tex/latex/xkeyval/xkeyval.sty
Package: xkeyval 2025/11/04 v2.10 package option processing (HA)
(/Users/Thomas/Library/TinyTeX/texmf-dist/tex/generic/xkeyval/xkeyval.tex (/Users/Thomas/Library/TinyTeX/texmf-dist/tex/generic/xkeyval/xkvutils.tex
\XKV@toks=\toks25
\XKV@tempa@toks=\toks26
\XKV@tempb@toks=\toks27
)
\XKV@depth=\count314
File: xkeyval.tex 2014/12/03 v2.7a key=value parser (HA)
)) (/Users/Thomas/Library/TinyTeX/texmf-dist/tex/latex/everyhook/everyhook.sty (/Users/Thomas/Library/TinyTeX/texmf-dist/tex/latex/svn-prov/svn-prov.sty
Package: svn-prov 2010/04/24 v3.1862 Package Date/Version from SVN Keywords
)
Package: everyhook 2014/11/26 v1.2 (SVN Rev: 12)\ Hooks for low level TeX everyX primitives.
\everypar=\toks28
\frozen@everymath=\toks29
\frozen@everydisplay=\toks30
\everyhbox=\toks31
\everyvbox=\toks32
\everycr=\toks33
)
\ltjlineendcomment=\count315
\ltj@dimen@zw=\dimen164
\ltj@dimen@zh=\dimen165
\ltj@dimen@jQ=\dimen166
\ltj@icflag=\attribute4
\ltj@curjfnt=\attribute5
\ltj@curtfnt=\attribute6
\ltj@charclass=\attribute7
\ltj@charcode=\attribute8
\ltj@autospc=\attribute9
\ltj@autoxspc=\attribute10
\ltj@yablshift=\attribute11
\ltj@ykblshift=\attribute12
\ltj@tablshift=\attribute13
\ltj@tkblshift=\attribute14
\jfam=\attribute15
\ltj@vert@ori=\attribute16
\ltj@dir=\attribute17
\ltj@@japanese=\language2
\ltj@tempcnta=\count316
\ltj@tempdima=\dimen167
\ltj@@stack=\count317
\ltj@@group@level=\count318
\ltj@kcat0=\attribute18
\ltj@kcat1=\attribute19
\ltj@kcat2=\attribute20
\ltj@kcat3=\attribute21
\ltj@kcat4=\attribute22
\ltj@kcat5=\attribute23
\ltj@kcat6=\attribute24
Custom whatsit inhibitglue = 1
Custom whatsit stack_marker = 2
Custom whatsit begin_par = 3
Custom whatsit direction = 4
Custom whatsit box_boundary = 5
Custom whatsit ja_al_boundary = 6(load cache: ltj-cid-auto-adobe-japan1.luc)
Lua module: luatexja.charrange 2022-08-19 Handling the range of Japanese characters
Lua module: luatexja.stack 2022-08-20 LuaTeX-ja stack system
Inserting `ltj.create_dir_whatsit' in `hpack_filter'.
Inserting `ltj.create_dir_whatsit' in `post_linebreak_filter'.
Inserting `ltj.direction' in `vpack_filter'.
Inserting `ltj.direction' in `pre_output_filter'.
Inserting `ltj.lineskip' in `post_linebreak_filter'.
Inserting `ltj.lineskip' in `append_to_vlist_filter'.
Lua module: luatexja.jfont 2025-05-04 Loader for Japanese fonts
Removing  `luaotfload.define_font' from `define_font'.
Inserting `luatexja.font_callback' in `define_font'.
Removing  `luaotfload.aux.set_sscale_dimens' from `luaotfload.patch_font'.
Removing  `luaotfload.aux.set_font_index' from `luaotfload.patch_font'.
Removing  `luaotfload.aux.patch_cambria_domh' from `luaotfload.patch_font'.
Removing  `luaotfload.aux.set_capheight' from `luaotfload.patch_font'.
Removing  `luaotfload.aux.set_xheight' from `luaotfload.patch_font'.
Removing  `luaotfload.rewrite_fontname' from `luaotfload.patch_font'.
Inserting `ltj.prepare_extra_data' in `luaotfload.patch_font'.
Inserting `luaotfload.aux.set_sscale_dimens' in `luaotfload.patch_font'.
Inserting `luaotfload.aux.set_font_index' in `luaotfload.patch_font'.
Inserting `luaotfload.aux.patch_cambria_domh' in `luaotfload.patch_font'.
Inserting `luaotfload.aux.set_capheight' in `luaotfload.patch_font'.
Inserting `luaotfload.aux.set_xheight' in `luaotfload.patch_font'.
Inserting `luaotfload.rewrite_fontname' in `luaotfload.patch_font'.
Inserting `ltj.prepare_extra_data' in `luatexja.define_font'.(load cache: extra_lmroman12-regular.luc)(load cache: extra_lmroman12-bold.luc)(load cache: extra_georgia.luc)(load cache: extra_georgia-bolditalic.luc)(load cache: extra_georgia-bold.luc)(load cache: extra_georgia-italic.luc)
Inserting `ltj.get_vert_form' in `luatexja.define_jfont'.
Removing  `ltj.prepare_extra_data' from `luaotfload.patch_font'.
Removing  `luaotfload.aux.set_sscale_dimens' from `luaotfload.patch_font'.
Removing  `luaotfload.aux.set_font_index' from `luaotfload.patch_font'.
Removing  `luaotfload.aux.patch_cambria_domh' from `luaotfload.patch_font'.
Removing  `luaotfload.aux.set_capheight' from `luaotfload.patch_font'.
Removing  `luaotfload.aux.set_xheight' from `luaotfload.patch_font'.
Removing  `luaotfload.rewrite_fontname' from `luaotfload.patch_font'.
Inserting `ltj.supply_tounicode' in `luaotfload.patch_font'.
Inserting `ltj.prepare_extra_data' in `luaotfload.patch_font'.
Inserting `luaotfload.aux.set_sscale_dimens' in `luaotfload.patch_font'.
Inserting `luaotfload.aux.set_font_index' in `luaotfload.patch_font'.
Inserting `luaotfload.aux.patch_cambria_domh' in `luaotfload.patch_font'.
Inserting `luaotfload.aux.set_capheight' in `luaotfload.patch_font'.
Inserting `luaotfload.aux.set_xheight' in `luaotfload.patch_font'.
Inserting `luaotfload.rewrite_fontname' in `luaotfload.patch_font'.
Inserting `ltj.process_input_buffer' in `process_input_buffer'.
Inserting `ltj.hyphenate' in `hyphenate'.
Removing  `luaotfload.node_processor' from `hpack_filter'.
Removing  `luaotfload.harf.finalize_hlist' from `hpack_filter'.
Removing  `ltj.create_dir_whatsit' from `hpack_filter'.
Inserting `ltj.set_stack_level' in `hpack_filter'.
Inserting `luaotfload.node_processor' in `hpack_filter'.
Inserting `luaotfload.harf.finalize_hlist' in `hpack_filter'.
Inserting `ltj.create_dir_whatsit' in `hpack_filter'.
Removing  `luaotfload.node_processor' from `pre_linebreak_filter'.
Inserting `ltj.set_stack_level' in `pre_linebreak_filter'.
Inserting `luaotfload.node_processor' in `pre_linebreak_filter'.
Lua module: luatexja.jfmglue 2026-01-07 Insertion process of JFM glues, [x]kanjiskip and others
Inserting `luatexja.beginpar.np_info' in `luatexja.jfmglue.whatsit_getinfo'.
Inserting `luatexja.beginpar.np_info_after' in `luatexja.jfmglue.whatsit_after'.
Inserting `ltj.mlist_to_hlist_pre' in `pre_mlist_to_hlist_filter'.
Inserting `ltj.main' in `pre_linebreak_filter'.
Removing  `luaotfload.harf.finalize_hlist' from `hpack_filter'.
Removing  `ltj.create_dir_whatsit' from `hpack_filter'.
Inserting `ltj.main' in `hpack_filter'.
Inserting `luaotfload.harf.finalize_hlist' in `hpack_filter'.
Inserting `ltj.create_dir_whatsit' in `hpack_filter'.
Removing  `ltj.set_stack_level' from `pre_linebreak_filter'.
Removing  `luaotfload.node_processor' from `pre_linebreak_filter'.
Removing  `ltj.main' from `pre_linebreak_filter'.
Inserting `ltj.adjust_icflag' in `pre_linebreak_filter'.
Inserting `ltj.set_stack_level' in `pre_linebreak_filter'.
Inserting `luaotfload.node_processor' in `pre_linebreak_filter'.
Inserting `ltj.main' in `pre_linebreak_filter'.
Removing  `ltj.set_stack_level' from `hpack_filter'.
Removing  `luaotfload.node_processor' from `hpack_filter'.
Removing  `ltj.main' from `hpack_filter'.
Removing  `luaotfload.harf.finalize_hlist' from `hpack_filter'.
Removing  `ltj.create_dir_whatsit' from `hpack_filter'.
Inserting `ltj.adjust_icflag' in `hpack_filter'.
Inserting `ltj.set_stack_level' in `hpack_filter'.
Inserting `luaotfload.node_processor' in `hpack_filter'.
Inserting `ltj.main' in `hpack_filter'.
Inserting `luaotfload.harf.finalize_hlist' in `hpack_filter'.
Inserting `ltj.create_dir_whatsit' in `hpack_filter'. (/Users/Thomas/Library/TinyTeX/texmf-dist/tex/luatex/luatexja/ltj-base.sty
Package: ltj-base 2021-03-16
\ltj@tempcntb=\count319
\ltj@tempcntc=\count320
\ltj@afbox=\box61
)
\ltj@@italic@inner=\luafunction31
\ltj@@start@time@measure@inner=\luafunction32
\ltj@@stop@time@measure@inner=\luafunction33
\ltj@@jfont@inner=\luafunction34
\ltj@zw@inner=\luafunction35
\ltj@zh@inner=\luafunction36
\ltj@reset@globaldefs@inner=\luafunction37
\ltj@restore@globaldefs@inner=\luafunction38
\ltj@@disihb@inner=\luafunction39
\ltj@@ihb@inner=\luafunction40
\ltj@@fakeparbegin@inner=\luafunction41
\ltj@@fakeboxbdd@inner=\luafunction42
\ltj@@ins@xk@inner=\luafunction43
\ltj@@ins@k@inner=\luafunction44
\ltjsetkanjiskip@inner=\luafunction45
\ltjsetxkanjiskip@inner=\luafunction46
\ltj@@getparam@one@inner=\luafunction47
\ltj@alljachar@inner=\luafunction48
\ltj@@lua@populate@insertwhatsit@inner=\luafunction49
\ltj@@vadjust@begin@inner=\luafunction50
\ltj@@vadjust@dirhook@inner=\luafunction51
\ltj@@vadjust@check@dir@inner=\luafunction52
\ltj@@box@dirhook@inner=\luafunction53
\ltj@@reset@badness@inner=\luafunction54
\ltj@@lua@raisebox@inner=\luafunction55
\ltj@@vsplit@inner=\luafunction56
\ltj@@lua@unboxcheckdir@inner=\luafunction57
\ltj@@lua@uncopycheckdir@inner=\luafunction58
\ltj@@lua@uncopy@restore@whatsit@inner=\luafunction59
(load cache: ltj-kinsoku_default.luc) (/Users/Thomas/Library/TinyTeX/texmf-dist/tex/luatex/luatexja/ltj-latex.sty
Package: ltj-latex 2025-06-08 LaTeX support of LuaTeX-ja
Inserting `ltj.direction' in `pre_shipout_filter'. (/Users/Thomas/Library/TinyTeX/texmf-dist/tex/luatex/luatexja/patches/lltjfont.sty
Package: lltjfont 2025-10-26 Patch to NFSS2 for LuaTeX-ja
\ltj@@latex@plv=\count321
(/Users/Thomas/Library/TinyTeX/texmf-dist/tex/latex/base/tuenc.def
File: tuenc.def 2025/07/18 v2.1d Standard LaTeX file
\@remove@tlig@@@=\luafunction60
LaTeX Font Info:    Redeclaring font encoding TU on input line 105.
LaTeX Encoding Info:    Redeclaring text command \textquotesingle (encoding TU) on input line 148.
LaTeX Encoding Info:    Redeclaring text command \textasciigrave (encoding TU) on input line 149.
LaTeX Encoding Info:    Redeclaring text command \textquotedbl (encoding TU) on input line 150.
LaTeX Encoding Info:    Redeclaring text command \textdollar (encoding TU) on input line 151.
LaTeX Encoding Info:    Redeclaring text command \textless (encoding TU) on input line 152.
LaTeX Encoding Info:    Redeclaring text command \textgreater (encoding TU) on input line 153.
LaTeX Encoding Info:    Redeclaring text command \textbackslash (encoding TU) on input line 154.
LaTeX Encoding Info:    Redeclaring text command \textasciicircum (encoding TU) on input line 155.
LaTeX Encoding Info:    Redeclaring text command \textunderscore (encoding TU) on input line 156.
LaTeX Encoding Info:    Redeclaring text command \textbraceleft (encoding TU) on input line 157.
LaTeX Encoding Info:    Redeclaring text command \textbar (encoding TU) on input line 158.
LaTeX Encoding Info:    Redeclaring text command \textbraceright (encoding TU) on input line 159.
LaTeX Encoding Info:    Redeclaring text command \textasciitilde (encoding TU) on input line 160.
LaTeX Encoding Info:    Redeclaring text command \textexclamdown (encoding TU) on input line 161.
LaTeX Encoding Info:    Redeclaring text command \textcent (encoding TU) on input line 162.
LaTeX Encoding Info:    Redeclaring text command \textsterling (encoding TU) on input line 163.
LaTeX Encoding Info:    Redeclaring text command \textcurrency (encoding TU) on input line 164.
LaTeX Encoding Info:    Redeclaring text command \textyen (encoding TU) on input line 165.
LaTeX Encoding Info:    Redeclaring text command \textbrokenbar (encoding TU) on input line 166.
LaTeX Encoding Info:    Redeclaring text command \textsection (encoding TU) on input line 167.
LaTeX Encoding Info:    Redeclaring text command \textasciidieresis (encoding TU) on input line 168.
LaTeX Encoding Info:    Redeclaring text command \textcopyright (encoding TU) on input line 169.
LaTeX Encoding Info:    Redeclaring text command \textordfeminine (encoding TU) on input line 170.
LaTeX Encoding Info:    Redeclaring text command \guillemetleft (encoding TU) on input line 171.
LaTeX Encoding Info:    Redeclaring text command \guillemotleft (encoding TU) on input line 172.
LaTeX Encoding Info:    Redeclaring text command \textlnot (encoding TU) on input line 173.
LaTeX Encoding Info:    Redeclaring text command \textregistered (encoding TU) on input line 174.
LaTeX Encoding Info:    Redeclaring text command \textasciimacron (encoding TU) on input line 175.
LaTeX Encoding Info:    Redeclaring text command \textdegree (encoding TU) on input line 176.
LaTeX Encoding Info:    Redeclaring text command \textpm (encoding TU) on input line 177.
LaTeX Encoding Info:    Redeclaring text command \texttwosuperior (encoding TU) on input line 178.
LaTeX Encoding Info:    Redeclaring text command \textthreesuperior (encoding TU) on input line 179.
LaTeX Encoding Info:    Redeclaring text command \textasciiacute (encoding TU) on input line 180.
LaTeX Encoding Info:    Redeclaring text command \textmu (encoding TU) on input line 181.
LaTeX Encoding Info:    Redeclaring text command \textparagraph (encoding TU) on input line 182.
LaTeX Encoding Info:    Redeclaring text command \textperiodcentered (encoding TU) on input line 183.
LaTeX Encoding Info:    Redeclaring text command \textonesuperior (encoding TU) on input line 184.
LaTeX Encoding Info:    Redeclaring text command \textordmasculine (encoding TU) on input line 185.
LaTeX Encoding Info:    Redeclaring text command \guillemetright (encoding TU) on input line 186.
LaTeX Encoding Info:    Redeclaring text command \guillemotright (encoding TU) on input line 187.
LaTeX Encoding Info:    Redeclaring text command \textonequarter (encoding TU) on input line 188.
LaTeX Encoding Info:    Redeclaring text command \textonehalf (encoding TU) on input line 189.
LaTeX Encoding Info:    Redeclaring text command \textthreequarters (encoding TU) on input line 190.
LaTeX Encoding Info:    Redeclaring text command \textquestiondown (encoding TU) on input line 191.
LaTeX Encoding Info:    Redeclaring text command \AE (encoding TU) on input line 192.
LaTeX Encoding Info:    Redeclaring text command \DH (encoding TU) on input line 193.
LaTeX Encoding Info:    Redeclaring text command \texttimes (encoding TU) on input line 194.
LaTeX Encoding Info:    Redeclaring text command \O (encoding TU) on input line 195.
LaTeX Encoding Info:    Redeclaring text command \TH (encoding TU) on input line 196.
LaTeX Encoding Info:    Redeclaring text command \ss (encoding TU) on input line 197.
LaTeX Encoding Info:    Redeclaring text command \ae (encoding TU) on input line 198.
LaTeX Encoding Info:    Redeclaring text command \dh (encoding TU) on input line 199.
LaTeX Encoding Info:    Redeclaring text command \textdiv (encoding TU) on input line 200.
LaTeX Encoding Info:    Redeclaring text command \o (encoding TU) on input line 201.
LaTeX Encoding Info:    Redeclaring text command \th (encoding TU) on input line 202.
LaTeX Encoding Info:    Redeclaring text command \DJ (encoding TU) on input line 203.
LaTeX Encoding Info:    Redeclaring text command \dj (encoding TU) on input line 204.
LaTeX Encoding Info:    Redeclaring text command \i (encoding TU) on input line 205.
LaTeX Encoding Info:    Redeclaring text command \IJ (encoding TU) on input line 206.
LaTeX Encoding Info:    Redeclaring text command \ij (encoding TU) on input line 207.
LaTeX Encoding Info:    Redeclaring text command \L (encoding TU) on input line 208.
LaTeX Encoding Info:    Redeclaring text command \l (encoding TU) on input line 209.
LaTeX Encoding Info:    Redeclaring text command \NG (encoding TU) on input line 210.
LaTeX Encoding Info:    Redeclaring text command \ng (encoding TU) on input line 211.
LaTeX Encoding Info:    Redeclaring text command \OE (encoding TU) on input line 212.
LaTeX Encoding Info:    Redeclaring text command \oe (encoding TU) on input line 213.
LaTeX Encoding Info:    Redeclaring text command \textflorin (encoding TU) on input line 214.
LaTeX Encoding Info:    Redeclaring text command \j (encoding TU) on input line 215.
LaTeX Encoding Info:    Redeclaring text command \textasciicaron (encoding TU) on input line 216.
LaTeX Encoding Info:    Redeclaring text command \textasciibreve (encoding TU) on input line 217.
LaTeX Encoding Info:    Redeclaring text command \textacutedbl (encoding TU) on input line 218.
LaTeX Encoding Info:    Redeclaring text command \textgravedbl (encoding TU) on input line 219.
LaTeX Encoding Info:    Redeclaring text command \texttildelow (encoding TU) on input line 220.
LaTeX Encoding Info:    Redeclaring text command \textbaht (encoding TU) on input line 221.
LaTeX Encoding Info:    Redeclaring text command \SS (encoding TU) on input line 222.
LaTeX Encoding Info:    Redeclaring text command \textcompwordmark (encoding TU) on input line 223.
LaTeX Encoding Info:    Redeclaring text command \textendash (encoding TU) on input line 224.
LaTeX Encoding Info:    Redeclaring text command \textemdash (encoding TU) on input line 225.
LaTeX Encoding Info:    Redeclaring text command \textnonbreakinghyphen (encoding TU) on input line 226.
LaTeX Encoding Info:    Redeclaring text command \textfiguredash (encoding TU) on input line 228.
LaTeX Encoding Info:    Redeclaring text command \texthorizontalbar (encoding TU) on input line 230.
LaTeX Encoding Info:    Redeclaring text command \textbardbl (encoding TU) on input line 232.
LaTeX Encoding Info:    Redeclaring text command \textquoteleft (encoding TU) on input line 233.
LaTeX Encoding Info:    Redeclaring text command \textquoteright (encoding TU) on input line 234.
LaTeX Encoding Info:    Redeclaring text command \quotesinglbase (encoding TU) on input line 235.
LaTeX Encoding Info:    Redeclaring text command \textquotedblleft (encoding TU) on input line 236.
LaTeX Encoding Info:    Redeclaring text command \textquotedblright (encoding TU) on input line 237.
LaTeX Encoding Info:    Redeclaring text command \quotedblbase (encoding TU) on input line 238.
LaTeX Encoding Info:    Redeclaring text command \textdagger (encoding TU) on input line 239.
LaTeX Encoding Info:    Redeclaring text command \textdaggerdbl (encoding TU) on input line 240.
LaTeX Encoding Info:    Redeclaring text command \textbullet (encoding TU) on input line 241.
LaTeX Encoding Info:    Redeclaring text command \textellipsis (encoding TU) on input line 242.
LaTeX Encoding Info:    Redeclaring text command \textperthousand (encoding TU) on input line 243.
LaTeX Encoding Info:    Redeclaring text command \textpertenthousand (encoding TU) on input line 244.
LaTeX Encoding Info:    Redeclaring text command \guilsinglleft (encoding TU) on input line 245.
LaTeX Encoding Info:    Redeclaring text command \guilsinglright (encoding TU) on input line 246.
LaTeX Encoding Info:    Redeclaring text command \textreferencemark (encoding TU) on input line 247.
LaTeX Encoding Info:    Redeclaring text command \textinterrobang (encoding TU) on input line 248.
LaTeX Encoding Info:    Redeclaring text command \textfractionsolidus (encoding TU) on input line 249.
LaTeX Encoding Info:    Redeclaring text command \textlquill (encoding TU) on input line 250.
LaTeX Encoding Info:    Redeclaring text command \textrquill (encoding TU) on input line 251.
LaTeX Encoding Info:    Redeclaring text command \textdiscount (encoding TU) on input line 252.
LaTeX Encoding Info:    Redeclaring text command \textcolonmonetary (encoding TU) on input line 253.
LaTeX Encoding Info:    Redeclaring text command \textlira (encoding TU) on input line 254.
LaTeX Encoding Info:    Redeclaring text command \textnaira (encoding TU) on input line 255.
LaTeX Encoding Info:    Redeclaring text command \textwon (encoding TU) on input line 256.
LaTeX Encoding Info:    Redeclaring text command \textdong (encoding TU) on input line 257.
LaTeX Encoding Info:    Redeclaring text command \texteuro (encoding TU) on input line 258.
LaTeX Encoding Info:    Redeclaring text command \textpeso (encoding TU) on input line 259.
LaTeX Encoding Info:    Redeclaring text command \textcelsius (encoding TU) on input line 260.
LaTeX Encoding Info:    Redeclaring text command \textnumero (encoding TU) on input line 261.
LaTeX Encoding Info:    Redeclaring text command \textcircledP (encoding TU) on input line 262.
LaTeX Encoding Info:    Redeclaring text command \textrecipe (encoding TU) on input line 263.
LaTeX Encoding Info:    Redeclaring text command \textservicemark (encoding TU) on input line 264.
LaTeX Encoding Info:    Redeclaring text command \texttrademark (encoding TU) on input line 265.
LaTeX Encoding Info:    Redeclaring text command \textohm (encoding TU) on input line 266.
LaTeX Encoding Info:    Redeclaring text command \textmho (encoding TU) on input line 267.
LaTeX Encoding Info:    Redeclaring text command \textestimated (encoding TU) on input line 268.
LaTeX Encoding Info:    Redeclaring text command \textleftarrow (encoding TU) on input line 269.
LaTeX Encoding Info:    Redeclaring text command \textuparrow (encoding TU) on input line 270.
LaTeX Encoding Info:    Redeclaring text command \textrightarrow (encoding TU) on input line 271.
LaTeX Encoding Info:    Redeclaring text command \textdownarrow (encoding TU) on input line 272.
LaTeX Encoding Info:    Redeclaring text command \textminus (encoding TU) on input line 273.
LaTeX Encoding Info:    Redeclaring text command \Hwithstroke (encoding TU) on input line 275.
LaTeX Encoding Info:    Redeclaring text command \hwithstroke (encoding TU) on input line 276.
LaTeX Encoding Info:    Redeclaring text command \textasteriskcentered (encoding TU) on input line 277.
LaTeX Encoding Info:    Redeclaring text command \textsurd (encoding TU) on input line 288.
LaTeX Encoding Info:    Redeclaring text command \textlangle (encoding TU) on input line 289.
LaTeX Encoding Info:    Redeclaring text command \textrangle (encoding TU) on input line 290.
LaTeX Encoding Info:    Redeclaring text command \textblank (encoding TU) on input line 291.
LaTeX Encoding Info:    Redeclaring text command \textvisiblespace (encoding TU) on input line 292.
LaTeX Encoding Info:    Redeclaring text command \textopenbullet (encoding TU) on input line 293.
LaTeX Encoding Info:    Redeclaring text command \textbigcircle (encoding TU) on input line 294.
LaTeX Encoding Info:    Redeclaring text command \textmusicalnote (encoding TU) on input line 295.
LaTeX Encoding Info:    Redeclaring text command \textmarried (encoding TU) on input line 296.
LaTeX Encoding Info:    Redeclaring text command \textdivorced (encoding TU) on input line 297.
LaTeX Encoding Info:    Redeclaring text command \textinterrobangdown (encoding TU) on input line 298.
LaTeX Encoding Info:    Redeclaring text command \` (encoding TU) on input line 299.
LaTeX Encoding Info:    Redeclaring text command \' (encoding TU) on input line 300.
LaTeX Encoding Info:    Redeclaring text command \^ (encoding TU) on input line 301.
LaTeX Encoding Info:    Redeclaring text command \~ (encoding TU) on input line 302.
LaTeX Encoding Info:    Redeclaring text command \= (encoding TU) on input line 303.
LaTeX Encoding Info:    Redeclaring text command \u (encoding TU) on input line 304.
LaTeX Encoding Info:    Redeclaring text command \. (encoding TU) on input line 305.
LaTeX Encoding Info:    Redeclaring text command \" (encoding TU) on input line 306.
LaTeX Encoding Info:    Redeclaring text command \r (encoding TU) on input line 307.
LaTeX Encoding Info:    Redeclaring text command \H (encoding TU) on input line 308.
LaTeX Encoding Info:    Redeclaring text command \v (encoding TU) on input line 309.
LaTeX Encoding Info:    Redeclaring text command \b (encoding TU) on input line 310.
LaTeX Encoding Info:    Redeclaring text command \d (encoding TU) on input line 311.
LaTeX Encoding Info:    Redeclaring text command \c (encoding TU) on input line 312.
LaTeX Encoding Info:    Redeclaring text command \k (encoding TU) on input line 313.
LaTeX Encoding Info:    Redeclaring text command \textcommabelow (encoding TU) on input line 314.
)
\Cht=\dimen168
\cht=\dimen169
\Cdp=\dimen170
\cdp=\dimen171
\Cwd=\dimen172
\cwd=\dimen173
\Cvs=\dimen174
\cvs=\dimen175
\Chs=\dimen176
\chs=\dimen177
\cHT=\dimen178
\dstrutbox=\box62
\tstrutbox=\box63
\zstrutbox=\box64
LaTeX Info: Redefining \strut on input line 71.
\ltj@@add@fenc@@inner=\luafunction61
\ltj@@add@kyenc@@inner=\luafunction62
\ltj@@add@ktenc@@inner=\luafunction63
\ltj@@is@kyenc@@inner=\luafunction64
\ltj@@is@ktenc@@inner=\luafunction65
\ltj@@is@kenc@@inner=\luafunction66
\ltj@@is@ffam@@inner=\luafunction67
\ltj@@add@ffam@@inner=\luafunction68
\ltj@@add@kfam@@inner=\luafunction69
\ltj@@adjust@baseline@inner=\luafunction70
LaTeX Info: Redefining \fontencoding on input line 573.
LaTeX Info: Redefining \fontfamily on input line 619.
LaTeX Info: Redefining \fontseries on input line 813.
LaTeX Info: Redefining \fontseriesforce on input line 814.
LaTeX Info: Redefining \fontshape on input line 822.
LaTeX Info: Redefining \fontshapeforce on input line 833.
\ltj@@jfont@@jfmonly@@inner=\luafunction71
\ltj@@does@alt@set@@inner=\luafunction72
\ltj@@cipath@clear@inner=\luafunction73
) (/Users/Thomas/Library/TinyTeX/texmf-dist/tex/luatex/luatexja/patches/lltjdefs.sty
Package: lltjdefs 2024-05-16 Default font settings of LuaTeX-ja
LaTeX Font Info:    Font shape `TU/Georgia(0)/m/n' will be
(Font)              scaled to size 8.95218pt on input line 69.
LaTeX Font Info:    Font shape `JT3/mc/m/n' will be
(Font)              scaled to size 9.6222pt on input line 69.
(/Users/Thomas/Library/TinyTeX/texmf-dist/tex/luatex/luatexja/jfm-ujisv.lua)
LaTeX Font Info:    Font shape `JY3/mc/m/n' will be
(Font)              scaled to size 9.6222pt on input line 69.
(load cache: extra_haranoajimincho-regular.luc)
(/Users/Thomas/Library/TinyTeX/texmf-dist/tex/luatex/luatexja/jfm-ujis.lua)
\symmincho=\mathgroup6
LaTeX Font Info:    Overwriting symbol font `mincho' in version `bold'
(Font)                  JY3/mc/m/n --> JY3/gt/m/n on input line 78.
) (/Users/Thomas/Library/TinyTeX/texmf-dist/tex/luatex/luatexja/patches/lltjcore.sty
Package: lltjcore 2025-06-12 Patch to LaTeX2e Kernel for LuaTeX-ja (for LaTeX2e >=2025-06-01)
\@tombowwidth=\dimen179
\@TL=\box65
\@Tl=\box66
\@TC=\box67
\@TR=\box68
\@Tr=\box69
\@BL=\box70
\@Bl=\box71
\@BC=\box72
\@BR=\box73
\@Br=\box74
\@CL=\box75
\@CR=\box76
(load cache: extra_lmmono9-regular.luc)
\@bannertoken=\toks34
\@@paperheight=\dimen180
\@@paperwidth=\dimen181
\@@topmargin=\dimen182
LaTeX Info: Redefining \underline on input line 300.
) (/Users/Thomas/Library/TinyTeX/texmf-dist/tex/luatex/luatexja/patches/lltjp-atbegshi.sty
Package: lltjp-atbegshi 2024-05-14 Patching \shipout hooks for LuaTeX-ja
\l__platex_shipout_dummy_box=\box77
) (/Users/Thomas/Library/TinyTeX/texmf-dist/tex/luatex/luatexja/patches/lltjp-fontspec.sty) (/Users/Thomas/Library/TinyTeX/texmf-dist/tex/luatex/luatexja/patches/lltjp-geometry.sty
Package: lltjp-geometry 2024-05-16 Patch to geometry for LuaTeX-ja with vertical writing mode
))
\ltj@temp@cctb=\catcodetable16
) (/Users/Thomas/Library/TinyTeX/texmf-dist/tex/luatex/luatexja/luatexja-compat.sty
Package: luatexja-compat 2025-09-21 Compatibility with pTeX
(load cache: ltj-jisx0208.luc)
\hour=\count322
\minute=\count323
)) (/Users/Thomas/Library/TinyTeX/texmf-dist/tex/luatex/luatexja/addons/luatexja-fontspec.sty
Package: luatexja-fontspec 2025-09-30 fontspec support of LuaTeX-ja
(/Users/Thomas/Library/TinyTeX/texmf-dist/tex/latex/l3packages/l3keys2e/l3keys2e.sty
Package: l3keys2e 2025-10-09 LaTeX2e option processing using LaTeX3 keys
)
LaTeX Font Info:    Font shape `TU/Georgia(0)/m/n' will be
(Font)              scaled to size 14.32349pt on input line 16.
LaTeX Font Info:    Font shape `JT3/mc/m/n' will be
(Font)              scaled to size 15.39551pt on input line 16.
LaTeX Font Info:    Font shape `JY3/mc/m/n' will be
(Font)              scaled to size 15.39551pt on input line 16.
(/Users/Thomas/Library/TinyTeX/texmf-dist/tex/luatex/luatexja/addons/luatexja-fontspec-29e.sty
Package: luatexja-fontspec-29e 2025-11-01 fontspec support of LuaTeX-ja
\g__ltj_fontspec_altnumber_int=\count324
))(load cache: extra_notosanscjktc-regular.luc)

Package fontspec Info: 
(fontspec)             Noto Sans CJK TC scale = 0.96221923828125.


Package fontspec Info: 
(fontspec)             Could not resolve font "Noto Sans CJK TC/BI" (it
(fontspec)             probably doesn't exist).


Package fontspec Info: 
(fontspec)             Could not resolve font "Noto Sans CJK TC/B" (it
(fontspec)             probably doesn't exist).


Package fontspec Info: 
(fontspec)             Could not resolve font "Noto Sans CJK TC/I" (it
(fontspec)             probably doesn't exist).


Package fontspec Info: 
(fontspec)             Noto Sans CJK TC scale = 0.96221923828125.

LaTeX Font Info:    Font shape `JT3/mc/m/n' will be
(Font)              scaled to size 11.54663pt on input line 26.
LaTeX Font Info:    Font shape `JY3/mc/m/n' will be
(Font)              scaled to size 11.54663pt on input line 26.

Package fontspec Info: 
(fontspec)             Noto Sans CJK TC scale = 0.96221923828125.


Package fontspec Info: 
(fontspec)             Font family 'NotoSansCJKTC(0)' created for font 'Noto
(fontspec)             Sans CJK TC' with options
(fontspec)             [YokoFeatures={JFM=ujis},TateFeatures={JFM=ujisv},Scale=0.96221923828125,Kerning=Off,Script=CJK].
(fontspec)              
(fontspec)              This font family consists of the following NFSS
(fontspec)             series/shapes:
(fontspec)              

LaTeX Font Info:    Redeclaring symbol font `mincho' on input line 26.
LaTeX Font Info:    Overwriting symbol font `mincho' in version `normal'
(Font)                  JY3/mc/m/n --> JY3/NotoSansCJKTC(0)/m/n on input line 26.
LaTeX Font Info:    Overwriting symbol font `mincho' in version `bold'
(Font)                  JY3/gt/m/n --> JY3/NotoSansCJKTC(0)/m/n on input line 26.
LaTeX Font Info:    Overwriting symbol font `mincho' in version `bold'
(Font)                  JY3/NotoSansCJKTC(0)/m/n --> JY3/NotoSansCJKTC(0)/b/n on input line 26.
LaTeX Font Info:    Font shape `JT3/NotoSansCJKTC(0)/m/n' will be
(Font)              scaled to size 9.6222pt on input line 26.
LaTeX Font Info:    Font shape `JY3/NotoSansCJKTC(0)/m/n' will be
(Font)              scaled to size 9.6222pt on input line 26.
(/Users/Thomas/Library/TinyTeX/texmf-dist/tex/latex/geometry/geometry.sty
Package: geometry 2020/01/02 v5.9 Page Geometry
(/Users/Thomas/Library/TinyTeX/texmf-dist/tex/generic/iftex/ifvtex.sty
Package: ifvtex 2019/10/25 v1.7 ifvtex legacy package. Use iftex instead.
)
\Gm@cnth=\count325
\Gm@cntv=\count326
\c@Gm@tempcnt=\count327
\Gm@bindingoffset=\dimen183
\Gm@wd@mp=\dimen184
\Gm@odd@mp=\dimen185
\Gm@even@mp=\dimen186
\Gm@layoutwidth=\dimen187
\Gm@layoutheight=\dimen188
\Gm@layouthoffset=\dimen189
\Gm@layoutvoffset=\dimen190
\Gm@dimlist=\toks35
) (/Users/Thomas/Library/TinyTeX/texmf-dist/tex/latex/booktabs/booktabs.sty
Package: booktabs 2020/01/12 v1.61803398 Publication quality tables
\heavyrulewidth=\dimen191
\lightrulewidth=\dimen192
\cmidrulewidth=\dimen193
\belowrulesep=\dimen194
\belowbottomsep=\dimen195
\aboverulesep=\dimen196
\abovetopsep=\dimen197
\cmidrulesep=\dimen198
\cmidrulekern=\dimen199
\defaultaddspace=\dimen256
\@cmidla=\count328
\@cmidlb=\count329
\@aboverulesep=\dimen257
\@belowrulesep=\dimen258
\@thisruleclass=\count330
\@lastruleclass=\count331
\@thisrulewidth=\dimen259
) (/Users/Thomas/Library/TinyTeX/texmf-dist/tex/latex/tools/longtable.sty
Package: longtable 2025-10-13 v4.24 Multi-page Table package (DPC)
\LTleft=\skip68
\LTright=\skip69
\LTpre=\skip70
\LTpost=\skip71
\LTchunksize=\count332
\LTcapwidth=\dimen260
\LT@head=\box78
\LT@firsthead=\box79
\LT@foot=\box80
\LT@lastfoot=\box81
\LT@gbox=\box82
\LT@cols=\count333
\LT@rows=\count334
\c@LT@tables=\count335
\c@LT@chunks=\count336
\LT@p@ftn=\toks36
) (/Users/Thomas/Library/TinyTeX/texmf-dist/tex/latex/tools/array.sty
Package: array 2025/09/25 v2.6n Tabular extension package (FMi)
\col@sep=\dimen261
\ar@mcellbox=\box83
\extrarowheight=\dimen262
\NC@list=\toks37
\extratabsurround=\skip72
\backup@length=\skip73
\ar@cellbox=\box84
) (/Users/Thomas/Library/TinyTeX/texmf-dist/tex/latex/multirow/multirow.sty
Package: multirow 2024/11/12 v2.9 Span multiple rows of a table
\multirow@colwidth=\skip74
\multirow@cntb=\count337
\multirow@dima=\skip75
\bigstrutjot=\dimen263
) (/Users/Thomas/Library/TinyTeX/texmf-dist/tex/latex/wrapfig/wrapfig.sty
\wrapoverhang=\dimen264
\WF@size=\dimen265
\c@WF@wrappedlines=\count338
\WF@box=\box85
\WF@everypar=\toks38
Package: wrapfig 2003/01/31  v 3.6
) (/Users/Thomas/Library/TinyTeX/texmf-dist/tex/latex/float/float.sty
Package: float 2001/11/08 v1.3d Float enhancements (AL)
\c@float@type=\count339
\float@exts=\toks39
\float@box=\box86
\@float@everytoks=\toks40
\@floatcapt=\box87
) (/Users/Thomas/Library/TinyTeX/texmf-dist/tex/latex/colortbl/colortbl.sty
Package: colortbl 2024/10/29 v1.0k Color table columns (DPC)
\everycr=\toks41
\minrowclearance=\skip76
\rownum=\count340
) (/Users/Thomas/Library/TinyTeX/texmf-dist/tex/latex/pdflscape/pdflscape.sty
Package: pdflscape 2025-06-23 v0.14 Display of landscape pages in PDF
(/Users/Thomas/Library/TinyTeX/texmf-dist/tex/latex/pdflscape/pdflscape-nometadata.sty
Package: pdflscape-nometadata 2025-06-23 v0.14 Display of landscape pages in PDF (HO)
(/Users/Thomas/Library/TinyTeX/texmf-dist/tex/latex/graphics/lscape.sty
Package: lscape 2020/05/28 v3.02 Landscape Pages (DPC)
)
Package pdflscape Info: Auto-detected driver: pdftex on input line 81.
)) (/Users/Thomas/Library/TinyTeX/texmf-dist/tex/latex/tabu/tabu.sty
Package: tabu 2019/01/11 v2.9 - flexible LaTeX tabulars (FC+tabu-fixed)
(/Users/Thomas/Library/TinyTeX/texmf-dist/tex/latex/varwidth/varwidth.sty
Package: varwidth 2009/03/30 ver 0.92;  Variable-width minipages
\@vwid@box=\box88
\sift@deathcycles=\count341
\@vwid@loff=\dimen266
\@vwid@roff=\dimen267
)
==> First Aid for varwidth.sty applied!
\c@taburow=\count342
\tabu@nbcols=\count343
\tabu@cnt=\count344
\tabu@Xcol=\count345
\tabu@alloc=\count346
\tabu@nested=\count347
\tabu@target=\dimen268
\tabu@spreadtarget=\dimen269
\tabu@naturalX=\dimen270
\tabucolX=\dimen271
\tabu@Xsum=\dimen272
\extrarowdepth=\dimen273
\abovetabulinesep=\dimen274
\belowtabulinesep=\dimen275
\tabustrutrule=\dimen276
\tabu@thebody=\toks42
\tabu@footnotes=\toks43
\tabu@box=\box89
\tabu@arstrutbox=\box90
\tabu@hleads=\box91
\tabu@vleads=\box92
\tabu@cellskip=\skip77
) (/Users/Thomas/Library/TinyTeX/texmf-dist/tex/latex/threeparttable/threeparttable.sty
Package: threeparttable 2003/06/13  v 3.0
\@tempboxb=\box93
) (/Users/Thomas/Library/TinyTeX/texmf-dist/tex/latex/threeparttablex/threeparttablex.sty
Package: threeparttablex 2013/07/23 v0.3 by daleif
(/Users/Thomas/Library/TinyTeX/texmf-dist/tex/latex/environ/environ.sty
Package: environ 2014/05/04 v0.3 A new way to define environments
(/Users/Thomas/Library/TinyTeX/texmf-dist/tex/latex/trimspaces/trimspaces.sty
Package: trimspaces 2009/09/17 v1.1 Trim spaces around a token list
))
\TPTL@width=\skip78
) (/Users/Thomas/Library/TinyTeX/texmf-dist/tex/generic/ulem/ulem.sty
\UL@box=\box94
\UL@hyphenbox=\box95
\UL@skip=\skip79
\UL@hook=\toks44
\UL@height=\dimen277
\UL@pe=\count348
\UL@pixel=\dimen278
\ULC@box=\box96
Package: ulem 2019/11/18
\ULdepth=\dimen279
) (/Users/Thomas/Library/TinyTeX/texmf-dist/tex/latex/makecell/makecell.sty
Package: makecell 2009/08/03 V0.1e Managing of Tab Column Heads and Cells
\rotheadsize=\dimen280
\c@nlinenum=\count349
\TeXr@lab=\toks45
) (/Users/Thomas/Library/TinyTeX/texmf-dist/tex/latex/sectsty/sectsty.sty
Package: sectsty 2002/02/25 v2.0.2 Commands to change all sectional heading styles

LaTeX Warning: Command \underbar  has changed.
               Check if current package is valid.


LaTeX Warning: Command \underline  has changed.
               Check if current package is valid.

) (/Users/Thomas/Library/TinyTeX/texmf-dist/tex/latex/parskip/parskip.sty
Package: parskip 2021-03-14 v2.0h non-zero parskip adjustments
(/Users/Thomas/Library/TinyTeX/texmf-dist/tex/latex/kvoptions/kvoptions.sty
Package: kvoptions 2022-06-15 v3.15 Key value format for package options (HO)
(/Users/Thomas/Library/TinyTeX/texmf-dist/tex/latex/kvsetkeys/kvsetkeys.sty
Package: kvsetkeys 2022-10-05 v1.19 Key value parser (HO)
))) (/Users/Thomas/Library/TinyTeX/texmf-dist/tex/latex/titlesec/titlesec.sty
Package: titlesec 2025/01/04 v2.17 Sectioning titles
\ttl@box=\box97
\beforetitleunit=\skip80
\aftertitleunit=\skip81
\ttl@plus=\dimen281
\ttl@minus=\dimen282
\ttl@toksa=\toks46
\titlewidth=\dimen283
\titlewidthlast=\dimen284
\titlewidthfirst=\dimen285
) (/Users/Thomas/Library/TinyTeX/texmf-dist/tex/latex/fontawesome5/fontawesome5.sty
Package: fontawesome5 2022/05/02 v5.15.4 Font Awesome 5
(/Users/Thomas/Library/TinyTeX/texmf-dist/tex/latex/fontawesome5/fontawesome5-utex-helper.sty
Package: fontawesome5-utex-helper 2022/05/02 v5.15.4 uTeX helper for fontawesome5
LaTeX Font Info:    Trying loading font information for TU+fontawesomefree on input line 69.
(/Users/Thomas/Library/TinyTeX/texmf-dist/tex/latex/fontawesome5/tufontawesomefree.fd)(load cache: extra_fontawesome5free-solid.luc)
LaTeX Font Info:    Trying loading font information for TU+fontawesomebrands on input line 70.
(/Users/Thomas/Library/TinyTeX/texmf-dist/tex/latex/fontawesome5/tufontawesomebrands.fd)(load cache: extra_fontawesome5brands-regular.luc))) (/Users/Thomas/Library/TinyTeX/texmf-dist/tex/generic/academicons/academicons.sty
Package: academicons 2025/09/20 v1.9.6-2 Academicons Icons
(load cache: extra_academicons.luc)

Package fontspec Info: 
(fontspec)             academicons scale = 0.9851353755044104.


Package fontspec Info: 
(fontspec)             academicons scale = 0.9851353755044104.

LaTeX Font Info:    Font shape `JT3/NotoSansCJKTC(0)/m/n' will be
(Font)              scaled to size 11.54663pt on input line 36.
LaTeX Font Info:    Font shape `JY3/NotoSansCJKTC(0)/m/n' will be
(Font)              scaled to size 11.54663pt on input line 36.

Package fontspec Info: 
(fontspec)             academicons scale = 0.9851353755044104.


Package fontspec Info: 
(fontspec)             academicons scale = 0.9851353755044104.


Package fontspec Info: 
(fontspec)             academicons scale = 0.9851353755044104.


Package fontspec Info: 
(fontspec)             Font family 'academicons(0)' created for font
(fontspec)             'academicons' with options
(fontspec)             [Ligatures=TeX,Scale=MatchLowercase,UprightFont =
(fontspec)             academicons,BoldFont = academicons,ItalicFont =
(fontspec)             academicons,BoldItalicFont = academicons].
(fontspec)              
(fontspec)              This font family consists of the following NFSS
(fontspec)             series/shapes:
(fontspec)              
(fontspec)             - 'normal' (m/n) with NFSS spec.:
(fontspec)             <->s*[0.9851353755044104]"name:academicons:mode=node;language=dflt;+tlig;"
(fontspec)             - 'bold' (b/n) with NFSS spec.:
(fontspec)             <->s*[0.9851353755044104]"name:academicons:mode=node;language=dflt;+tlig;"
(fontspec)             - 'italic' (m/it) with NFSS spec.:
(fontspec)             <->s*[0.9851353755044104]"name:academicons:mode=node;language=dflt;+tlig;"
(fontspec)             - 'bold italic' (b/it) with NFSS spec.:
(fontspec)             <->s*[0.9851353755044104]"name:academicons:mode=node;language=dflt;+tlig;"

(/Users/Thomas/Library/TinyTeX/texmf-dist/tex/generic/academicons/academicons-xeluatex.tex) (/Users/Thomas/Library/TinyTeX/texmf-dist/tex/generic/academicons/academicons-generic.tex)) (/Users/Thomas/Library/TinyTeX/texmf-dist/tex/latex/ragged2e/ragged2e.sty
Package: ragged2e 2023/06/22 v3.6 ragged2e Package
\CenteringLeftskip=\skip82
\RaggedLeftLeftskip=\skip83
\RaggedRightLeftskip=\skip84
\CenteringRightskip=\skip85
\RaggedLeftRightskip=\skip86
\RaggedRightRightskip=\skip87
\CenteringParfillskip=\skip88
\RaggedLeftParfillskip=\skip89
\RaggedRightParfillskip=\skip90
\JustifyingParfillskip=\skip91
\CenteringParindent=\skip92
\RaggedLeftParindent=\skip93
\RaggedRightParindent=\skip94
\JustifyingParindent=\skip95
) (/Users/Thomas/Library/TinyTeX/texmf-dist/tex/latex/tools/tabularx.sty
Package: tabularx 2023/12/11 v2.12a `tabularx' package (DPC)
\TX@col@width=\dimen286
\TX@old@table=\dimen287
\TX@old@col=\dimen288
\TX@target=\dimen289
\TX@delta=\dimen290
\TX@cols=\count350
\TX@ftn=\toks47
) (/Users/Thomas/Library/TinyTeX/texmf-dist/tex/latex/fancyhdr/fancyhdr.sty
Package: fancyhdr 2025/02/07 v5.2 Extensive control of page headers and footers
\f@nch@headwidth=\skip96
\f@nch@offset@elh=\skip97
\f@nch@offset@erh=\skip98
\f@nch@offset@olh=\skip99
\f@nch@offset@orh=\skip100
\f@nch@offset@elf=\skip101
\f@nch@offset@erf=\skip102
\f@nch@offset@olf=\skip103
\f@nch@offset@orf=\skip104
\f@nch@height=\skip105
\f@nch@footalignment=\skip106
\f@nch@widthL=\skip107
\f@nch@widthC=\skip108
\f@nch@widthR=\skip109
\@temptokenb=\toks48
) (/Users/Thomas/Library/TinyTeX/texmf-dist/tex/latex/lastpage/lastpage.sty
Package: lastpage 2025/08/14 v2.1h lastpage: 2.09 or 2e? (HMM)
(/Users/Thomas/Library/TinyTeX/texmf-dist/tex/latex/lastpage/lastpage2e.sty
Package: lastpage2e 2025/08/14 v2.1h Decide which 2e lastpage version to use (HMM)
(/Users/Thomas/Library/TinyTeX/texmf-dist/tex/latex/lastpage/lastpagemodern.sty
Package: lastpagemodern 2025-08-14 v2.1h Refers to last page's name (HMM; JPG)
\c@lastpagecount=\count351
) 
)) (/Users/Thomas/Library/TinyTeX/texmf-dist/tex/latex/hyperref/hyperref.sty
Package: hyperref 2026-01-29 v7.01p Hypertext links for LaTeX
(/Users/Thomas/Library/TinyTeX/texmf-dist/tex/generic/kvdefinekeys/kvdefinekeys.sty
Package: kvdefinekeys 2019-12-19 v1.6 Define keys (HO)
) (/Users/Thomas/Library/TinyTeX/texmf-dist/tex/generic/pdfescape/pdfescape.sty
Package: pdfescape 2019/12/09 v1.15 Implements pdfTeX's escape features (HO)
) (/Users/Thomas/Library/TinyTeX/texmf-dist/tex/latex/hycolor/hycolor.sty
Package: hycolor 2020-01-27 v1.10 Color options for hyperref/bookmark (HO)
) (/Users/Thomas/Library/TinyTeX/texmf-dist/tex/latex/hyperref/nameref.sty
Package: nameref 2026-01-29 v2.58 Cross-referencing by name of section
(/Users/Thomas/Library/TinyTeX/texmf-dist/tex/latex/refcount/refcount.sty
Package: refcount 2019/12/15 v3.6 Data extraction from label references (HO)
) (/Users/Thomas/Library/TinyTeX/texmf-dist/tex/generic/gettitlestring/gettitlestring.sty
Package: gettitlestring 2019/12/15 v1.6 Cleanup title references (HO)
)
\c@section@level=\count352
) (/Users/Thomas/Library/TinyTeX/texmf-dist/tex/generic/stringenc/stringenc.sty
Package: stringenc 2019/11/29 v1.12 Convert strings between diff. encodings (HO)
)
\@linkdim=\dimen291
\Hy@linkcounter=\count353
\Hy@pagecounter=\count354
(/Users/Thomas/Library/TinyTeX/texmf-dist/tex/latex/hyperref/pd1enc.def
File: pd1enc.def 2026-01-29 v7.01p Hyperref: PDFDocEncoding definition (HO)
) (/Users/Thomas/Library/TinyTeX/texmf-dist/tex/generic/intcalc/intcalc.sty
Package: intcalc 2019/12/15 v1.3 Expandable calculations with integers (HO)
)
\Hy@SavedSpaceFactor=\count355
(/Users/Thomas/Library/TinyTeX/texmf-dist/tex/latex/hyperref/puenc.def
File: puenc.def 2026-01-29 v7.01p Hyperref: PDF Unicode definition (HO)
)
Package hyperref Info: Hyper figures OFF on input line 4201.
Package hyperref Info: Link nesting OFF on input line 4206.
Package hyperref Info: Hyper index ON on input line 4209.
Package hyperref Info: Plain pages OFF on input line 4216.
Package hyperref Info: Backreferencing OFF on input line 4221.
Package hyperref Info: Implicit mode ON; LaTeX internals redefined.
Package hyperref Info: Bookmarks ON on input line 4468.
\c@Hy@tempcnt=\count356
(/Users/Thomas/Library/TinyTeX/texmf-dist/tex/latex/url/url.sty
\Urlmuskip=\muskip18
Package: url 2013/09/16  ver 3.4  Verb mode for urls, etc.
)
LaTeX Info: Redefining \url on input line 4807.
\XeTeXLinkMargin=\dimen292
(/Users/Thomas/Library/TinyTeX/texmf-dist/tex/generic/bitset/bitset.sty
Package: bitset 2019/12/09 v1.3 Handle bit-vector datatype (HO)
(/Users/Thomas/Library/TinyTeX/texmf-dist/tex/generic/bigintcalc/bigintcalc.sty
Package: bigintcalc 2019/12/15 v1.5 Expandable calculations on big integers (HO)
))
\Fld@menulength=\count357
\Field@Width=\dimen293
\Fld@charsize=\dimen294
Package hyperref Info: Hyper figures OFF on input line 6084.
Package hyperref Info: Link nesting OFF on input line 6089.
Package hyperref Info: Hyper index ON on input line 6092.
Package hyperref Info: backreferencing OFF on input line 6099.
Package hyperref Info: Link coloring OFF on input line 6104.
Package hyperref Info: Link coloring with OCG OFF on input line 6109.
Package hyperref Info: PDF/A mode OFF on input line 6114.
\Hy@abspage=\count358
\c@Item=\count359
\c@Hfootnote=\count360
)
Package hyperref Info: Driver (autodetected): hluatex.
(/Users/Thomas/Library/TinyTeX/texmf-dist/tex/latex/hyperref/hluatex.def
File: hluatex.def 2026-01-29 v7.01p Hyperref driver for luaTeX
\Fld@listcount=\count361
\c@bookmark@seq@number=\count362
(/Users/Thomas/Library/TinyTeX/texmf-dist/tex/latex/rerunfilecheck/rerunfilecheck.sty
Package: rerunfilecheck 2025-06-21 v1.11 Rerun checks for auxiliary files (HO)
(/Users/Thomas/Library/TinyTeX/texmf-dist/tex/generic/uniquecounter/uniquecounter.sty
Package: uniquecounter 2019/12/15 v1.4 Provide unlimited unique counter (HO)
)
Package uniquecounter Info: New unique counter `rerunfilecheck' on input line 284.
)
\Hy@SectionHShift=\skip110
)
Package hyperref Info: Option `unicode' set `true' on input line 135.
Package hyperref Info: Option `colorlinks' set `true' on input line 135.
Package hyperref Info: Option `breaklinks' set `true' on input line 135.

Package hyperref Warning: Option `bookmarks' has already been used,
(hyperref)                setting the option has no effect on input line 135.

(/Users/Thomas/Library/TinyTeX/texmf-dist/tex/luatex/luatexja/patches/lltjp-array.sty
Package: lltjp-array 2024-07-21 Patch to array for LuaTeX-ja
) (./cv_thomas.aux)
\openout1 = cv_thomas.aux

LaTeX Font Info:    Checking defaults for OML/cmm/m/it on input line 138.
LaTeX Font Info:    ... okay on input line 138.
LaTeX Font Info:    Checking defaults for OMS/cmsy/m/n on input line 138.
LaTeX Font Info:    ... okay on input line 138.
LaTeX Font Info:    Checking defaults for OT1/cmr/m/n on input line 138.
LaTeX Font Info:    ... okay on input line 138.
LaTeX Font Info:    Checking defaults for T1/cmr/m/n on input line 138.
LaTeX Font Info:    ... okay on input line 138.
LaTeX Font Info:    Checking defaults for TS1/cmr/m/n on input line 138.
LaTeX Font Info:    ... okay on input line 138.
LaTeX Font Info:    Checking defaults for TU/lmr/m/n on input line 138.
LaTeX Font Info:    ... okay on input line 138.
LaTeX Font Info:    Checking defaults for OMX/cmex/m/n on input line 138.
LaTeX Font Info:    ... okay on input line 138.
LaTeX Font Info:    Checking defaults for U/cmr/m/n on input line 138.
LaTeX Font Info:    ... okay on input line 138.
LaTeX Font Info:    Checking defaults for JY3/mc/m/n on input line 138.
LaTeX Font Info:    ... okay on input line 138.
LaTeX Font Info:    Checking defaults for JT3/mc/m/n on input line 138.
LaTeX Font Info:    ... okay on input line 138.
LaTeX Font Info:    Checking defaults for PD1/pdf/m/n on input line 138.
LaTeX Font Info:    ... okay on input line 138.
LaTeX Font Info:    Checking defaults for PU/pdf/m/n on input line 138.
LaTeX Font Info:    ... okay on input line 138.
(/Users/Thomas/Library/TinyTeX/texmf-dist/tex/context/base/mkii/supp-pdf.mkii
[Loading MPS to PDF converter (version 2006.09.02).]
\scratchcounter=\count363
\scratchdimen=\dimen295
\scratchbox=\box98
\nofMPsegments=\count364
\nofMParguments=\count365
\everyMPshowfont=\toks49
\MPscratchCnt=\count366
\MPscratchDim=\dimen296
\MPnumerator=\count367
\makeMPintoPDFobject=\count368
\everyMPtoPDFconversion=\toks50
) (/Users/Thomas/Library/TinyTeX/texmf-dist/tex/latex/epstopdf-pkg/epstopdf-base.sty
Package: epstopdf-base 2020-01-24 v2.11 Base part for package epstopdf
Package epstopdf-base Info: Redefining graphics rule for `.eps' on input line 485.
(/Users/Thomas/Library/TinyTeX/texmf-dist/tex/latex/latexconfig/epstopdf-sys.cfg
File: epstopdf-sys.cfg 2010/07/13 v1.3 Configuration of (r)epstopdf for TeX Live
))
*geometry* driver: auto-detecting
*geometry* detected driver: luatex
*geometry* verbose mode - [ preamble ] result:
* driver: luatex
* paper: <default>
* layout: <same size as paper>
* layoutoffset:(h,v)=(0.0pt,0.0pt)
* modes: 
* h-part:(L,W,R)=(72.26999pt, 469.75502pt, 72.26999pt)
* v-part:(T,H,B)=(72.26999pt, 650.43001pt, 72.26999pt)
* \paperwidth=614.295pt
* \paperheight=794.96999pt
* \textwidth=469.75502pt
* \textheight=650.43001pt
* \oddsidemargin=0.0pt
* \evensidemargin=0.0pt
* \topmargin=-37.0pt
* \headheight=12.0pt
* \headsep=25.0pt
* \topskip=12.0pt
* \footskip=30.0pt
* \marginparwidth=44.0pt
* \marginparsep=10.0pt
* \columnsep=10.0pt
* \skip\footins=10.8pt plus 4.0pt minus 2.0pt
* \hoffset=0.0pt
* \voffset=0.0pt
* \mag=1000
* \@twocolumnfalse
* \@twosidefalse
* \@mparswitchfalse
* \@reversemarginfalse
* (1in=72.27pt=25.4mm, 1cm=28.453pt)

Package hyperref Info: Link coloring ON on input line 138.
(./cv_thomas.out) (./cv_thomas.out)
\@outlinefile=\write3

\openout3 = cv_thomas.out
LaTeX Font Info:    Font shape `TU/Georgia(0)/m/n' will be
(Font)              scaled to size 22.27303pt on input line 141.
LaTeX Font Info:    Font shape `JT3/NotoSansCJKTC(0)/m/n' will be
(Font)              scaled to size 23.94002pt on input line 141.
LaTeX Font Info:    Font shape `JY3/NotoSansCJKTC(0)/m/n' will be
(Font)              scaled to size 23.94002pt on input line 141.
LaTeX Font Info:    Font shape `TU/Georgia(0)/b/n' will be
(Font)              scaled to size 22.13824pt on input line 141.

LaTeX Font Warning: Font shape `JT3/NotoSansCJKTC(0)/b/n' undefined
(Font)              using `JT3/NotoSansCJKTC(0)/m/n' instead on input line 141.

LaTeX Font Info:    Font shape `JT3/NotoSansCJKTC(0)/m/n' will be
(Font)              scaled to size 23.94002pt on input line 141.

LaTeX Font Warning: Font shape `JY3/NotoSansCJKTC(0)/b/n' undefined
(Font)              using `JY3/NotoSansCJKTC(0)/m/n' instead on input line 141.

(load cache: extra_lmmono12-regular.luc)
LaTeX Font Info:    Trying loading font information for OT1+lmr on input line 153.
(/Users/Thomas/Library/TinyTeX/texmf-dist/tex/latex/lm/ot1lmr.fd
File: ot1lmr.fd 2015/05/01 v1.6.1 Font defs for Latin Modern
)
LaTeX Font Info:    Trying loading font information for OML+lmm on input line 153.
(/Users/Thomas/Library/TinyTeX/texmf-dist/tex/latex/lm/omllmm.fd
File: omllmm.fd 2015/05/01 v1.6.1 Font defs for Latin Modern
)
LaTeX Font Info:    Trying loading font information for OMS+lmsy on input line 153.
(/Users/Thomas/Library/TinyTeX/texmf-dist/tex/latex/lm/omslmsy.fd
File: omslmsy.fd 2015/05/01 v1.6.1 Font defs for Latin Modern
)
LaTeX Font Info:    Trying loading font information for OMX+lmex on input line 153.
(/Users/Thomas/Library/TinyTeX/texmf-dist/tex/latex/lm/omxlmex.fd
File: omxlmex.fd 2015/05/01 v1.6.1 Font defs for Latin Modern
)
LaTeX Font Info:    External font `lmex10' loaded for size
(Font)              <12> on input line 153.
LaTeX Font Info:    External font `lmex10' loaded for size
(Font)              <8> on input line 153.
LaTeX Font Info:    External font `lmex10' loaded for size
(Font)              <6> on input line 153.
LaTeX Font Info:    Trying loading font information for U+msa on input line 153.
(/Users/Thomas/Library/TinyTeX/texmf-dist/tex/latex/amsfonts/umsa.fd
File: umsa.fd 2013/01/14 v3.01 AMS symbols A
)
LaTeX Font Info:    Trying loading font information for U+msb on input line 153.
(/Users/Thomas/Library/TinyTeX/texmf-dist/tex/latex/amsfonts/umsb.fd
File: umsb.fd 2013/01/14 v3.01 AMS symbols B
)
LaTeX Font Info:    Font shape `JY3/NotoSansCJKTC(0)/m/n' will be
(Font)              scaled to size 7.69775pt on input line 153.
LaTeX Font Info:    Font shape `JY3/NotoSansCJKTC(0)/m/n' will be
(Font)              scaled to size 5.77332pt on input line 153.
LaTeX Font Info:    Font shape `TU/Georgia(0)/m/n' will be
(Font)              scaled to size 12.89113pt on input line 156.
LaTeX Font Info:    Font shape `JT3/NotoSansCJKTC(0)/m/n' will be
(Font)              scaled to size 13.85594pt on input line 156.
LaTeX Font Info:    Font shape `JY3/NotoSansCJKTC(0)/m/n' will be
(Font)              scaled to size 13.85594pt on input line 156.
LaTeX Font Info:    Font shape `JT3/gt/m/n' will be
(Font)              scaled to size 11.54663pt on input line 159.
LaTeX Font Info:    Font shape `JY3/gt/m/n' will be
(Font)              scaled to size 11.54663pt on input line 159.
(load cache: extra_haranoajigothic-medium.luc)
LaTeX Font Info:    Font shape `TU/Georgia(0)/m/it' will be
(Font)              scaled to size 10.4978pt on input line 159.
LaTeX Font Info:    Kanji font shape `JY3/gt/m/it' undefined
(Font)              No change on input line 159.

LaTeX Font Warning: Font shape `JT3/NotoSansCJKTC(0)/solid/n' undefined
(Font)              using `JT3/NotoSansCJKTC(0)/m/n' instead on input line 164.

LaTeX Font Info:    Font shape `JT3/NotoSansCJKTC(0)/m/n' will be
(Font)              scaled to size 11.54663pt on input line 164.

LaTeX Font Warning: Font shape `JY3/NotoSansCJKTC(0)/solid/n' undefined
(Font)              using `JY3/NotoSansCJKTC(0)/m/n' instead on input line 164.


LaTeX Font Warning: Font shape `JT3/NotoSansCJKTC(0)/regular/n' undefined
(Font)              using `JT3/NotoSansCJKTC(0)/m/n' instead on input line 164.

LaTeX Font Info:    Font shape `JT3/NotoSansCJKTC(0)/m/n' will be
(Font)              scaled to size 11.54663pt on input line 164.

LaTeX Font Warning: Font shape `JY3/NotoSansCJKTC(0)/regular/n' undefined
(Font)              using `JY3/NotoSansCJKTC(0)/m/n' instead on input line 164.

LaTeX Font Info:    Font shape `TU/academicons(0)/m/n' will be
(Font)              scaled to size 11.82166pt on input line 165.

Overfull \hbox (1.72748pt too wide) in paragraph at lines 152--169
[][] [] 
 []

LaTeX Font Info:    Font shape `TU/Georgia(0)/m/n' will be
(Font)              scaled to size 15.46936pt on input line 177.
LaTeX Font Info:    Font shape `JT3/NotoSansCJKTC(0)/m/n' will be
(Font)              scaled to size 16.62714pt on input line 177.
LaTeX Font Info:    Font shape `JY3/NotoSansCJKTC(0)/m/n' will be
(Font)              scaled to size 16.62714pt on input line 177.
LaTeX Font Info:    Font shape `TU/Georgia(0)/b/n' will be
(Font)              scaled to size 15.37575pt on input line 177.
LaTeX Font Info:    Font shape `JT3/NotoSansCJKTC(0)/b/n' will be
(Font)              scaled to size 16.62714pt on input line 177.
LaTeX Font Info:    Font shape `JY3/NotoSansCJKTC(0)/b/n' will be
(Font)              scaled to size 16.62714pt on input line 177.

LaTeX Font Warning: Font shape `TU/Georgia(0)/b/sc' undefined
(Font)              using `TU/Georgia(0)/b/n' instead on input line 177.

LaTeX Font Info:    Kanji font shape `JY3/NotoSansCJKTC(0)/b/sc' undefined
(Font)              No change on input line 177.
LaTeX Font Info:    Font shape `TU/Georgia(0)/b/n' will be
(Font)              scaled to size 10.67761pt on input line 179.
LaTeX Font Info:    Font shape `JT3/NotoSansCJKTC(0)/b/n' will be
(Font)              scaled to size 11.54663pt on input line 179.
LaTeX Font Info:    Font shape `JY3/NotoSansCJKTC(0)/b/n' will be
(Font)              scaled to size 11.54663pt on input line 179.
LaTeX Font Info:    Font shape `TU/Georgia(0)/b/sc' will be
(Font)              scaled to size 15.37575pt on input line 196.
LaTeX Font Info:    Kanji font shape `JY3/NotoSansCJKTC(0)/b/sc' undefined
(Font)              No change on input line 196.
LaTeX Font Info:    Kanji font shape `JY3/NotoSansCJKTC(0)/b/sc' undefined
(Font)              No change on input line 205.
LaTeX Font Info:    Kanji font shape `JY3/gt/m/it' undefined
(Font)              No change on input line 207.
LaTeX Font Info:    Kanji font shape `JY3/gt/m/it' undefined
(Font)              No change on input line 209.
LaTeX Font Info:    Kanji font shape `JY3/gt/m/it' undefined
(Font)              No change on input line 210.
LaTeX Font Info:    Kanji font shape `JY3/gt/m/it' undefined
(Font)              No change on input line 213.
LaTeX Font Info:    Kanji font shape `JY3/NotoSansCJKTC(0)/b/sc' undefined
(Font)              No change on input line 217.
LaTeX Font Info:    Kanji font shape `JY3/NotoSansCJKTC(0)/b/sc' undefined
(Font)              No change on input line 224.
LaTeX Font Info:    Kanji font shape `JY3/gt/m/it' undefined
(Font)              No change on input line 230.
[1

{/Users/Thomas/Library/TinyTeX/texmf-var/fonts/map/pdftex/updmap/pdftex.map}]
LaTeX Font Info:    Kanji font shape `JY3/NotoSansCJKTC(0)/b/sc' undefined
(Font)              No change on input line 245.
LaTeX Font Info:    Font shape `TU/Georgia(0)/b/n' will be
(Font)              scaled to size 12.81313pt on input line 247.
LaTeX Font Info:    Font shape `JT3/NotoSansCJKTC(0)/b/n' will be
(Font)              scaled to size 13.85594pt on input line 247.
LaTeX Font Info:    Font shape `JY3/NotoSansCJKTC(0)/b/n' will be
(Font)              scaled to size 13.85594pt on input line 247.
LaTeX Font Info:    Font shape `TU/Georgia(0)/m/sl' in size <14.4> not available
(Font)              Font shape `TU/Georgia(0)/m/it' tried instead on input line 247.
LaTeX Font Info:    Font shape `TU/Georgia(0)/m/it' will be
(Font)              scaled to size 12.59735pt on input line 247.
LaTeX Font Info:    Kanji font shape `JY3/NotoSansCJKTC(0)/m/sl' undefined
(Font)              No change on input line 247.
LaTeX Font Info:    Kanji font shape `JY3/NotoSansCJKTC(0)/m/sl' undefined
(Font)              No change on input line 303.

Overfull \hbox (6.79999pt too wide) in paragraph at lines 317--318
[][] 
 []

LaTeX Font Info:    Kanji font shape `JY3/gt/m/it' undefined
(Font)              No change on input line 323.
LaTeX Font Info:    Kanji font shape `JY3/gt/m/it' undefined
(Font)              No change on input line 330.
LaTeX Font Info:    Kanji font shape `JY3/gt/m/it' undefined
(Font)              No change on input line 337.
LaTeX Font Info:    Kanji font shape `JY3/gt/m/it' undefined
(Font)              No change on input line 343.
LaTeX Font Info:    Font shape `TU/Georgia(0)/m/n' will be
(Font)              scaled to size 7.16174pt on input line 348.
LaTeX Font Info:    Font shape `JT3/NotoSansCJKTC(0)/m/n' will be
(Font)              scaled to size 7.69775pt on input line 348.
[2]
LaTeX Font Info:    Kanji font shape `JY3/gt/m/it' undefined
(Font)              No change on input line 351.
LaTeX Font Info:    Kanji font shape `JY3/gt/m/it' undefined
(Font)              No change on input line 357.
LaTeX Font Info:    Kanji font shape `JY3/gt/m/it' undefined
(Font)              No change on input line 365.
LaTeX Font Info:    Kanji font shape `JY3/gt/m/it' undefined
(Font)              No change on input line 377.
LaTeX Font Info:    Kanji font shape `JY3/gt/m/it' undefined
(Font)              No change on input line 384.
LaTeX Font Info:    Kanji font shape `JY3/gt/m/it' undefined
(Font)              No change on input line 391.
LaTeX Font Info:    Kanji font shape `JY3/gt/m/it' undefined
(Font)              No change on input line 398.
LaTeX Font Info:    Kanji font shape `JY3/gt/m/it' undefined
(Font)              No change on input line 403.
LaTeX Font Info:    Kanji font shape `JY3/gt/m/it' undefined
(Font)              No change on input line 404.
LaTeX Font Info:    Kanji font shape `JY3/gt/m/it' undefined
(Font)              No change on input line 410.
LaTeX Font Info:    Kanji font shape `JY3/gt/m/it' undefined
(Font)              No change on input line 417.
LaTeX Font Info:    Kanji font shape `JY3/gt/m/it' undefined
(Font)              No change on input line 424.
LaTeX Font Info:    Kanji font shape `JY3/NotoSansCJKTC(0)/m/sl' undefined
(Font)              No change on input line 429.
LaTeX Font Info:    Kanji font shape `JY3/gt/m/it' undefined
(Font)              No change on input line 436.
LaTeX Font Info:    Kanji font shape `JY3/gt/m/it' undefined
(Font)              No change on input line 439.
[3]
LaTeX Font Info:    Kanji font shape `JY3/gt/m/it' undefined
(Font)              No change on input line 457.
LaTeX Font Info:    Kanji font shape `JY3/NotoSansCJKTC(0)/m/sl' undefined
(Font)              No change on input line 464.
LaTeX Font Info:    Kanji font shape `JY3/gt/m/it' undefined
(Font)              No change on input line 476.
LaTeX Font Info:    Kanji font shape `JY3/NotoSansCJKTC(0)/m/sl' undefined
(Font)              No change on input line 485.
LaTeX Font Info:    Kanji font shape `JY3/NotoSansCJKTC(0)/m/sl' undefined
(Font)              No change on input line 501.
LaTeX Font Info:    Kanji font shape `JY3/gt/m/it' undefined
(Font)              No change on input line 509.
LaTeX Font Info:    Kanji font shape `JY3/gt/m/it' undefined
(Font)              No change on input line 515.
LaTeX Font Info:    Kanji font shape `JY3/gt/m/it' undefined
(Font)              No change on input line 524.
LaTeX Font Info:    Kanji font shape `JY3/gt/m/it' undefined
(Font)              No change on input line 525.
LaTeX Font Info:    Kanji font shape `JY3/gt/m/it' undefined
(Font)              No change on input line 526.
LaTeX Font Info:    Kanji font shape `JY3/NotoSansCJKTC(0)/m/sl' undefined
(Font)              No change on input line 529.
[4]
LaTeX Font Info:    Kanji font shape `JY3/NotoSansCJKTC(0)/b/sc' undefined
(Font)              No change on input line 545.
LaTeX Font Info:    Kanji font shape `JY3/NotoSansCJKTC(0)/m/sl' undefined
(Font)              No change on input line 547.
LaTeX Font Info:    Kanji font shape `JY3/gt/m/it' undefined
(Font)              No change on input line 569.
LaTeX Font Info:    Kanji font shape `JY3/gt/m/it' undefined
(Font)              No change on input line 577.
LaTeX Font Info:    Kanji font shape `JY3/NotoSansCJKTC(0)/m/sl' undefined
(Font)              No change on input line 594.
LaTeX Font Info:    Kanji font shape `JY3/gt/m/it' undefined
(Font)              No change on input line 602.
LaTeX Font Info:    Kanji font shape `JY3/NotoSansCJKTC(0)/m/sl' undefined
(Font)              No change on input line 607.
[5] [6]
LaTeX Font Info:    Kanji font shape `JY3/gt/m/it' undefined
(Font)              No change on input line 739.
LaTeX Font Info:    Kanji font shape `JY3/gt/m/it' undefined
(Font)              No change on input line 743.
LaTeX Font Info:    Kanji font shape `JY3/gt/m/it' undefined
(Font)              No change on input line 747.
[7]
LaTeX Font Info:    Kanji font shape `JY3/gt/m/it' undefined
(Font)              No change on input line 779.
LaTeX Font Info:    Kanji font shape `JY3/NotoSansCJKTC(0)/m/sl' undefined
(Font)              No change on input line 797.
LaTeX Font Info:    Kanji font shape `JY3/gt/m/it' undefined
(Font)              No change on input line 810.
LaTeX Font Info:    Kanji font shape `JY3/gt/m/it' undefined
(Font)              No change on input line 811.
[8]
LaTeX Font Info:    Kanji font shape `JY3/NotoSansCJKTC(0)/m/sl' undefined
(Font)              No change on input line 831.
LaTeX Font Info:    Kanji font shape `JY3/NotoSansCJKTC(0)/m/sl' undefined
(Font)              No change on input line 845.
LaTeX Font Info:    Kanji font shape `JY3/NotoSansCJKTC(0)/m/sl' undefined
(Font)              No change on input line 864.
LaTeX Font Info:    Kanji font shape `JY3/NotoSansCJKTC(0)/m/sl' undefined
(Font)              No change on input line 881.
LaTeX Font Info:    Kanji font shape `JY3/gt/m/it' undefined
(Font)              No change on input line 894.
LaTeX Font Info:    Kanji font shape `JY3/NotoSansCJKTC(0)/m/sl' undefined
(Font)              No change on input line 904.
[9]
LaTeX Font Info:    Kanji font shape `JY3/NotoSansCJKTC(0)/b/sc' undefined
(Font)              No change on input line 921.
LaTeX Font Info:    Kanji font shape `JY3/NotoSansCJKTC(0)/m/sl' undefined
(Font)              No change on input line 923.
LaTeX Font Info:    Kanji font shape `JY3/NotoSansCJKTC(0)/m/sl' undefined
(Font)              No change on input line 931.

Overfull \hbox (2.17525pt too wide) in paragraph at lines 938--938
[]|\TU/Georgia(0)/m/n/12 MOST| 
 []


Overfull \hbox (2.17525pt too wide) in paragraph at lines 939--939
[]|\TU/Georgia(0)/m/n/12 MOST| 
 []


Overfull \hbox (2.17525pt too wide) in paragraph at lines 940--940
[]|\TU/Georgia(0)/m/n/12 MOST| 
 []


Overfull \hbox (2.17525pt too wide) in paragraph at lines 942--942
[]|\TU/Georgia(0)/m/n/12 MOST| 
 []

LaTeX Font Info:    Kanji font shape `JY3/NotoSansCJKTC(0)/b/sc' undefined
(Font)              No change on input line 945.
LaTeX Font Info:    Kanji font shape `JY3/NotoSansCJKTC(0)/b/sc' undefined
(Font)              No change on input line 960.
[10]
LaTeX Font Info:    Kanji font shape `JY3/NotoSansCJKTC(0)/b/sc' undefined
(Font)              No change on input line 970.
LaTeX Font Info:    Kanji font shape `JY3/NotoSansCJKTC(0)/m/it' undefined
(Font)              No change on input line 984.
LaTeX Font Info:    Kanji font shape `JY3/NotoSansCJKTC(0)/b/sc' undefined
(Font)              No change on input line 986.
LaTeX Font Info:    Kanji font shape `JY3/NotoSansCJKTC(0)/m/it' undefined
(Font)              No change on input line 1007.
LaTeX Font Info:    Kanji font shape `JY3/NotoSansCJKTC(0)/m/it' undefined
(Font)              No change on input line 1007.
LaTeX Font Info:    Kanji font shape `JY3/NotoSansCJKTC(0)/m/it' undefined
(Font)              No change on input line 1007.
LaTeX Font Info:    Kanji font shape `JY3/NotoSansCJKTC(0)/m/it' undefined
(Font)              No change on input line 1007.
LaTeX Font Info:    Kanji font shape `JY3/NotoSansCJKTC(0)/m/it' undefined
(Font)              No change on input line 1007.
LaTeX Font Info:    Kanji font shape `JY3/NotoSansCJKTC(0)/m/it' undefined
(Font)              No change on input line 1007.
LaTeX Font Info:    Kanji font shape `JY3/NotoSansCJKTC(0)/m/sc' undefined
(Font)              No change on input line 1007.
LaTeX Font Info:    Kanji font shape `JY3/NotoSansCJKTC(0)/m/sc' undefined
(Font)              No change on input line 1007.
LaTeX Font Info:    Kanji font shape `JY3/NotoSansCJKTC(0)/m/sc' undefined
(Font)              No change on input line 1007.
LaTeX Font Info:    Kanji font shape `JY3/NotoSansCJKTC(0)/m/it' undefined
(Font)              No change on input line 1007.
[11] [12]
LaTeX Font Info:    Kanji font shape `JY3/NotoSansCJKTC(0)/b/sc' undefined
(Font)              No change on input line 1011.
LaTeX Font Info:    Kanji font shape `JY3/NotoSansCJKTC(0)/m/sl' undefined
(Font)              No change on input line 1014.
LaTeX Font Info:    Kanji font shape `JY3/gt/m/it' undefined
(Font)              No change on input line 1020.
LaTeX Font Info:    Kanji font shape `JY3/gt/m/it' undefined
(Font)              No change on input line 1023.
LaTeX Font Info:    Kanji font shape `JY3/gt/m/it' undefined
(Font)              No change on input line 1026.
LaTeX Font Info:    Kanji font shape `JY3/gt/m/it' undefined
(Font)              No change on input line 1028.
LaTeX Font Info:    Kanji font shape `JY3/NotoSansCJKTC(0)/m/sl' undefined
(Font)              No change on input line 1033.
LaTeX Font Info:    Kanji font shape `JY3/NotoSansCJKTC(0)/m/sl' undefined
(Font)              No change on input line 1043.
LaTeX Font Info:    Kanji font shape `JY3/gt/m/it' undefined
(Font)              No change on input line 1050.
LaTeX Font Info:    Kanji font shape `JY3/gt/m/it' undefined
(Font)              No change on input line 1052.
LaTeX Font Info:    Kanji font shape `JY3/gt/m/it' undefined
(Font)              No change on input line 1054.
LaTeX Font Info:    Kanji font shape `JY3/gt/m/it' undefined
(Font)              No change on input line 1056.
LaTeX Font Info:    Kanji font shape `JY3/gt/m/it' undefined
(Font)              No change on input line 1058.
LaTeX Font Info:    Kanji font shape `JY3/gt/m/it' undefined
(Font)              No change on input line 1060.
LaTeX Font Info:    Kanji font shape `JY3/gt/m/it' undefined
(Font)              No change on input line 1062.
LaTeX Font Info:    Kanji font shape `JY3/gt/m/it' undefined
(Font)              No change on input line 1064.
LaTeX Font Info:    Kanji font shape `JY3/gt/m/it' undefined
(Font)              No change on input line 1066.
LaTeX Font Info:    Kanji font shape `JY3/gt/m/it' undefined
(Font)              No change on input line 1068.
LaTeX Font Info:    Kanji font shape `JY3/gt/m/it' undefined
(Font)              No change on input line 1076.
LaTeX Font Info:    Kanji font shape `JY3/gt/m/it' undefined
(Font)              No change on input line 1078.
LaTeX Font Info:    Kanji font shape `JY3/gt/m/it' undefined
(Font)              No change on input line 1080.
LaTeX Font Info:    Kanji font shape `JY3/gt/m/it' undefined
(Font)              No change on input line 1083.
LaTeX Font Info:    Kanji font shape `JY3/gt/m/it' undefined
(Font)              No change on input line 1085.
LaTeX Font Info:    Kanji font shape `JY3/gt/m/it' undefined
(Font)              No change on input line 1087.
LaTeX Font Info:    Kanji font shape `JY3/gt/m/it' undefined
(Font)              No change on input line 1089.
LaTeX Font Info:    Kanji font shape `JY3/gt/m/it' undefined
(Font)              No change on input line 1091.
LaTeX Font Info:    Kanji font shape `JY3/gt/m/it' undefined
(Font)              No change on input line 1094.
LaTeX Font Info:    Kanji font shape `JY3/gt/m/it' undefined
(Font)              No change on input line 1097.
LaTeX Font Info:    Kanji font shape `JY3/gt/m/it' undefined
(Font)              No change on input line 1099.
LaTeX Font Info:    Kanji font shape `JY3/gt/m/it' undefined
(Font)              No change on input line 1101.
LaTeX Font Info:    Kanji font shape `JY3/gt/m/it' undefined
(Font)              No change on input line 1103.
LaTeX Font Info:    Kanji font shape `JY3/gt/m/it' undefined
(Font)              No change on input line 1105.
LaTeX Font Info:    Kanji font shape `JY3/gt/m/it' undefined
(Font)              No change on input line 1107.
LaTeX Font Info:    Kanji font shape `JY3/gt/m/it' undefined
(Font)              No change on input line 1109.
LaTeX Font Info:    Kanji font shape `JY3/gt/m/it' undefined
(Font)              No change on input line 1111.
[13]
LaTeX Font Info:    Kanji font shape `JY3/gt/m/it' undefined
(Font)              No change on input line 1113.
LaTeX Font Info:    Kanji font shape `JY3/gt/m/it' undefined
(Font)              No change on input line 1115.
LaTeX Font Info:    Kanji font shape `JY3/gt/m/it' undefined
(Font)              No change on input line 1117.
LaTeX Font Info:    Kanji font shape `JY3/gt/m/it' undefined
(Font)              No change on input line 1119.
LaTeX Font Info:    Kanji font shape `JY3/NotoSansCJKTC(0)/m/sl' undefined
(Font)              No change on input line 1122.
LaTeX Font Info:    Kanji font shape `JY3/NotoSansCJKTC(0)/m/sl' undefined
(Font)              No change on input line 1145.
LaTeX Font Info:    Kanji font shape `JY3/gt/m/it' undefined
(Font)              No change on input line 1149.
LaTeX Font Info:    Kanji font shape `JY3/gt/m/it' undefined
(Font)              No change on input line 1149.
LaTeX Font Info:    Kanji font shape `JY3/NotoSansCJKTC(0)/m/sl' undefined
(Font)              No change on input line 1155.
LaTeX Font Info:    Kanji font shape `JY3/NotoSansCJKTC(0)/b/sc' undefined
(Font)              No change on input line 1184.
LaTeX Font Info:    Kanji font shape `JY3/gt/m/it' undefined
(Font)              No change on input line 1187.
LaTeX Font Info:    Kanji font shape `JY3/NotoSansCJKTC(0)/b/sc' undefined
(Font)              No change on input line 1190.
LaTeX Font Info:    Kanji font shape `JY3/gt/m/it' undefined
(Font)              No change on input line 1195.
LaTeX Font Info:    Kanji font shape `JY3/gt/m/it' undefined
(Font)              No change on input line 1198.
[14]
LaTeX Font Info:    Kanji font shape `JY3/gt/m/it' undefined
(Font)              No change on input line 1202.
LaTeX Font Info:    Kanji font shape `JY3/gt/m/it' undefined
(Font)              No change on input line 1211.
LaTeX Font Info:    Kanji font shape `JY3/NotoSansCJKTC(0)/b/sc' undefined
(Font)              No change on input line 1222.
LaTeX Font Info:    Kanji font shape `JY3/NotoSansCJKTC(0)/b/sc' undefined
(Font)              No change on input line 1231.
LaTeX Font Info:    Kanji font shape `JY3/NotoSansCJKTC(0)/b/sc' undefined
(Font)              No change on input line 1257.
LaTeX Font Info:    Kanji font shape `JY3/NotoSansCJKTC(0)/b/sc' undefined
(Font)              No change on input line 1272.
[15] [16] 
enddocument/afterlastpage (AED): lastpage setting LastPage.
(./cv_thomas.aux)
 ***********
LaTeX2e <2025-11-01>
L3 programming layer <2026-01-19>
 ***********

LaTeX Font Warning: Some font shapes were not available, defaults substituted.

Package rerunfilecheck Info: File `cv_thomas.out' has not changed.
(rerunfilecheck)             Checksum: 8406DBFE3AA06A93DBBAF2136666924D;6774.
)

Here is how much of LuaTeX's memory you used:
 22066 strings out of 476076
 195698,953878 words of node,token memory allocated
 1443 words of node memory still in use:
   11 hlist, 2 vlist, 6 rule, 2 glue, 4 kern, 1 glyph, 290 attribute, 80 glue_spec, 38 attribute_list, 1 write, 13 user_defined, 9 pdf_action nodes
   avail lists: 1:32,2:55767,3:526,4:658,5:127,6:193,7:7588,8:50,9:1418,10:10,11:572
 43822 multiletter control sequences out of 65536+600000
 81 fonts using 138457551 bytes
 92i,13n,125p,2044b,1132s stack positions out of 10000i,1000n,20000p,200000b,200000s
</Users/Thomas/Library/Fonts/academicons.ttf></Users/Thomas/Library/TinyTeX/texmf-dist/fonts/opentype/public/fontawesome5/FontAwesome5Brands-Regular-400.otf></System/Library/Fonts/Supplemental/Georgia Italic.ttf></Users/Thomas/Library/TinyTeX/texmf-dist/fonts/opentype/public/lm/lmmono12-regular.otf></Users/Thomas/Library/TinyTeX/texmf-dist/fonts/opentype/public/fontawesome5/FontAwesome5Free-Solid-900.otf></System/Library/Fonts/Supplemental/Georgia.ttf></Users/Thomas/Library/Fonts/NotoSansCJKtc-Regular.otf></System/Library/Fonts/Supplemental/Georgia Bold.ttf>
Output written on cv_thomas.pdf (16 pages, 147567 bytes).

PDF statistics: 497 PDF objects out of 1000 (max. 8388607)
 450 compressed objects within 5 object streams
 146 named destinations out of 1000 (max. 131072)
 361 words of extra memory for PDF output out of 10000 (max. 100000000)

